4675
58 17 7 1 0
88 1 0 7 0
33 4 12 3 0
3 22 8 2 0
33 6 1 8 0
53 16 1 2 1
123 4 4 0 1
78 1 3 1 2
68 9 5 1 1
13 14 6 2 1
18 11 8 4 0
83 2 9 0 1
43 24 3 2 0
113 12 6 0 0
23 2 0 5 2
28 35 3 0 0
28 7 10 1 1
73 6 7 3 0
8 13 0 3 2
153 14 1 0 0
88 5 4 4 0
13 8 13 0 1
183 6 2 0 0
43 0 14 0 1
23 0 11 0 2
98 19 2 1 0
58 13 3 4 0
3 18 4 5 0
13 10 2 5 1
8 7 7 1 2
33 8 16 0 0
68 5 1 4 1
63 2 6 0 2
123 0 0 3 1
38 27 1 0 1
113 8 2 3 0
8 35 0 0 1
73 16 4 2 0
18 7 4 7 0
128 11 3 1 0
108 11 0 1 1
33 10 5 5 0
143 0 3 3 0
88 9 8 1 0
38 17 4 1 1
43 34 0 1 0
103 4 1 0 2
13 4 9 3 1
28 1 0 0 4
18 21 5 3 0
93 12 3 0 1
28 25 6 1 0
168 3 1 2 0
8 1 14 4 0
3 14 0 8 0
43 2 3 5 1
58 1 0 1 3
13 32 2 2 0
3 0 8 0 3
143 4 7 0 0
33 14 9 2 0
3 16 15 0 0
68 27 1 1 0
3 6 1 2 3
8 3 3 9 0
128 1 6 2 0
18 9 2 0 3
23 16 1 1 2
13 0 5 6 1
78 11 0 0 2
143 10 0 2 0
73 12 0 5 0
18 17 1 6 0
18 15 12 1 0
43 6 7 2 1
8 17 4 0 2
28 3 6 4 1
48 9 2 1 2
98 1 6 1 1
73 10 11 0 0
113 2 9 1 0
3 12 11 3 0
58 7 10 2 0
58 1 17 0 0
53 0 11 1 1
18 17 1 1 2
73 12 0 0 2
53 2 0 6 1
48 1 3 0 3
3 6 18 1 0
118 1 9 1 0
43 12 0 4 1
38 7 7 2 1
63 6 10 2 0
33 10 5 0 2
58 3 6 5 0
3 8 7 6 0
28 23 0 2 1
23 14 3 3 1
43 16 4 1 1
38 13 0 4 1
123 22 0 0 0
13 24 3 1 1
78 1 3 6 0
3 2 14 4 0
63 0 17 0 0
8 5 18 1 0
98 11 3 0 1
23 2 0 0 4
158 3 4 1 0
53 28 4 0 0
63 2 6 5 0
68 19 2 0 1
8 7 7 6 0
3 4 3 9 0
103 8 5 2 0
48 13 6 3 0
18 5 15 2 0
38 1 14 0 1
133 0 6 2 0
73 2 3 6 0
8 5 1 2 3
73 0 14 1 0
23 8 10 1 1
78 5 7 3 0
53 10 8 0 1
103 2 12 0 0
138 3 1 1 1
83 8 2 2 1
28 13 3 3 1
8 15 15 0 0
38 3 3 5 1
18 3 0 10 0
3 18 4 0 2
48 3 9 4 0
33 0 8 6 0
103 4 1 5 0
8 17 4 5 0
173 2 1 2 0
63 12 3 4 0
118 7 2 3 0
18 1 11 5 0
38 35 0 1 0
48 9 2 6 0
8 13 0 8 0
93 2 6 1 1
28 17 7 0 1
8 11 11 3 0
3 14 0 3 2
23 4 6 4 1
48 7 13 1 0
53 6 4 3 1
78 9 11 0 0
108 1 3 2 1
63 0 0 1 3
78 11 0 5 0
23 16 1 6 0
148 15 1 0 0
93 4 4 4 0
188 5 2 0 0
68 7 7 3 0
13 16 4 0 2
23 14 12 1 0
43 26 1 0 1
53 2 9 4 0
103 12 0 1 1
78 15 4 2 0
28 5 12 3 0
18 13 6 2 1
63 6 1 4 1
93 8 8 1 0
13 12 0 3 2
28 7 1 8 0
58 15 1 2 1
68 3 3 6 0
63 0 8 2 1
48 1 3 5 1
23 10 8 4 0
118 11 6 0 0
3 36 0 0 1
18 9 2 5 1
108 9 2 3 0
23 36 3 0 0
68 1 14 1 0
8 21 8 2 0
3 8 7 1 2
28 9 16 0 0
88 7 2 2 1
38 25 3 2 0
158 13 1 0 0
103 2 3 2 1
33 0 8 1 2
18 23 3 1 1
13 6 7 1 2
38 15 6 3 0
53 8 2 6 0
38 3 3 0 3
178 7 2 0 0
8 3 12 2 1
33 28 1 0 1
163 2 4 1 0
148 5 4 1 0
23 6 4 7 0
133 4 1 1 1
48 23 3 2 0
43 4 1 3 2
3 4 3 4 2
8 31 5 1 0
13 34 0 0 1
73 2 3 1 2
8 5 1 7 1
128 3 4 0 1
23 4 15 2 0
93 0 0 7 0
63 10 5 1 1
48 17 10 0 0
53 0 3 0 3
13 2 3 4 2
108 13 6 0 0
3 26 3 1 1
38 19 10 0 0
68 13 0 0 2
43 8 5 0 2
53 6 13 1 0
8 27 1 4 0
83 0 3 1 2
28 1 8 6 0
78 25 1 1 0
33 6 1 3 2
23 2 0 10 0
58 9 8 0 1
48 15 4 1 1
23 0 11 5 0
33 36 0 1 0
8 41 2 0 0
13 12 0 8 0
73 10 2 2 1
98 5 1 5 0
23 18 7 0 1
138 11 0 2 0
128 21 0 0 0
83 0 3 6 0
18 31 2 2 0
38 5 9 4 0
88 15 1 3 0
33 8 7 2 1
8 13 9 1 1
13 10 11 3 0
58 5 4 3 1
63 20 2 0 1
98 3 12 0 0
18 25 9 0 0
38 11 2 6 0
123 0 9 1 0
78 3 1 4 1
83 4 7 3 0
98 9 5 2 0
28 21 2 4 0
58 1 0 6 1
68 17 4 2 0
13 6 7 6 0
88 19 5 0 0
148 1 0 4 0
73 4 9 0 1
38 9 13 1 0
8 9 5 4 1
23 24 0 2 1
18 7 13 0 1
108 3 9 1 0
78 7 5 1 1
33 14 0 4 1
28 11 5 5 0
138 1 3 3 0
93 0 0 2 2
58 27 4 0 0
13 2 3 9 0
83 10 0 0 2
43 4 1 8 0
38 1 5 7 0
68 13 0 5 0
3 16 6 2 1
48 5 7 2 1
13 4 18 1 0
113 6 4 0 1
43 2 12 3 0
8 19 2 3 1
118 9 0 1 1
33 18 4 1 1
48 33 0 1 0
3 10 13 0 1
48 11 0 4 1
43 6 16 0 0
18 3 9 3 1
113 2 0 3 1
68 11 11 0 0
138 5 7 0 0
43 8 5 5 0
53 8 2 1 2
28 15 9 2 0
58 23 0 3 0
23 6 4 2 2
88 1 9 0 1
3 12 2 5 1
183 0 0 0 1
13 0 14 4 0
8 7 15 2 0
28 19 4 1 1
53 32 0 1 0
93 6 1 0 2
38 11 2 1 2
83 14 3 0 1
18 27 6 1 0
53 0 3 5 1
103 10 2 3 0
53 4 7 2 1
58 5 13 1 0
148 1 1 1 1
158 5 1 2 0
13 26 0 2 1
68 21 0 3 0
33 20 10 0 0
8 9 4 7 0
3 22 0 1 2
8 3 11 5 0
3 0 0 4 3
103 4 9 1 0
88 21 2 1 0
18 23 2 4 0
113 24 0 0 0
3 4 21 0 0
78 1 11 2 0
48 3 1 3 2
8 5 0 10 0
23 12 5 0 2
43 12 9 2 0
78 3 0 7 0
3 6 10 5 0
58 1 9 4 0
103 0 5 4 0
53 10 0 4 1
43 18 2 4 0
38 1 5 2 2
13 20 7 0 1
123 10 6 0 0
68 15 7 1 0
98 13 0 1 1
8 17 12 1 0
48 25 1 0 1
33 26 3 2 0
23 8 1 3 2
3 2 6 8 0
73 0 6 5 0
18 5 6 4 1
78 7 4 4 0
28 15 0 4 1
13 4 0 0 4
43 22 6 1 0
13 16 3 3 1
68 11 3 4 0
193 4 2 0 0
33 2 14 0 1
138 9 3 1 0
8 1 5 1 3
33 4 3 5 1
8 13 8 4 0
123 6 2 3 0
3 0 17 3 0
113 14 3 1 0
18 1 2 7 1
78 11 8 1 0
23 2 8 1 2
168 9 2 0 0
18 11 16 0 0
23 16 9 2 0
83 2 0 2 2
178 1 0 0 1
53 16 10 0 0
3 12 3 2 2
28 7 1 3 2
33 6 9 4 0
68 7 8 0 1
58 7 2 1 2
88 1 8 3 0
173 8 2 0 0
18 1 2 2 3
8 23 5 3 0
53 12 6 3 0
8 19 1 6 0
3 6 10 0 2
138 1 4 0 1
118 1 1 0 2
48 1 12 3 0
18 9 1 8 0
13 8 4 2 2
108 7 4 0 1
78 17 1 3 0
33 10 13 1 0
88 5 12 0 0
8 11 2 0 3
28 11 5 0 2
63 6 2 1 2
23 22 2 4 0
18 7 12 3 0
43 0 6 4 1
3 2 6 3 2
113 4 6 2 0
138 19 0 0 0
8 1 5 6 1
33 12 2 6 0
68 3 4 3 1
13 4 0 5 2
78 21 5 0 0
28 29 1 0 1
63 0 9 4 0
48 7 5 0 2
88 7 1 5 0
43 4 10 1 1
23 26 6 1 0
18 17 9 2 0
33 4 3 0 3
28 1 8 1 2
33 16 6 3 0
8 27 9 0 0
113 0 2 5 0
98 5 1 0 2
43 32 3 0 0
43 10 3 3 1
53 22 3 2 0
93 14 0 1 1
68 25 4 0 0
73 0 6 0 2
18 13 5 5 0
88 11 5 2 0
148 9 0 2 0
38 19 1 2 1
103 14 6 0 0
13 2 11 0 2
8 9 13 0 1
13 0 5 1 3
3 24 6 0 1
38 9 4 3 1
18 1 11 0 2
28 17 6 3 0
83 0 11 2 0
133 10 3 1 0
53 6 5 0 2
23 0 2 7 1
118 1 1 5 0
48 17 2 4 0
48 11 9 2 0
108 25 0 0 0
73 8 5 1 1
8 11 2 5 1
13 6 15 2 0
23 20 4 1 1
58 31 0 1 0
83 2 0 7 0
3 20 2 3 1
63 16 7 1 0
28 21 10 0 0
148 3 7 0 0
8 5 9 3 1
53 2 1 3 2
18 25 0 2 1
38 13 8 0 1
78 3 9 0 1
13 8 4 7 0
73 18 2 0 1
8 33 2 2 0
163 4 1 2 0
33 12 2 1 2
93 20 2 1 0
43 14 7 0 1
98 5 9 1 0
143 2 1 1 1
58 3 7 2 1
13 2 11 5 0
93 10 5 2 0
108 3 0 3 1
43 20 0 2 1
48 5 16 0 0
98 11 2 3 0
98 15 6 0 0
68 1 6 0 2
13 4 0 10 0
63 0 0 6 1
48 3 1 8 0
38 27 0 3 0
63 26 4 0 0
28 11 13 1 0
18 7 4 2 2
28 13 2 6 0
3 42 2 0 0
38 3 11 1 1
78 9 2 2 1
33 0 16 2 0
13 18 1 1 2
58 21 3 2 0
23 30 1 0 1
13 0 22 0 0
123 8 0 1 1
18 3 0 5 2
8 15 6 2 1
63 22 0 3 0
48 7 5 5 0
118 5 5 2 0
28 5 3 0 3
38 5 0 6 1
133 20 0 0 0
38 31 4 0 0
3 14 9 1 1
33 2 5 7 0
88 1 0 2 2
28 3 14 0 1
38 21 7 1 0
18 15 3 3 1
33 20 1 2 1
48 31 3 0 0
63 8 8 0 1
13 26 9 0 0
73 26 1 1 0
28 5 3 5 1
153 4 4 1 0
83 16 1 3 0
3 10 5 4 1
68 5 10 2 0
23 12 5 5 0
88 3 6 1 1
118 15 2 1 0
128 9 6 0 0
8 25 3 1 1
113 0 2 0 2
18 3 0 0 4
53 14 4 1 1
28 37 0 1 0
13 22 5 3 0
3 4 12 2 1
23 10 16 0 0
48 3 10 1 1
23 0 2 2 3
3 32 5 1 0
108 5 6 2 0
83 20 5 0 0
153 0 0 4 0
3 6 1 7 1
13 10 2 0 3
93 4 12 0 0
63 4 4 3 1
28 9 7 2 1
93 6 1 5 0
18 9 10 1 1
43 2 4 2 2
58 15 10 0 0
23 8 1 8 0
83 6 4 4 0
123 0 1 0 2
13 18 1 6 0
73 4 1 4 1
58 11 6 3 0
8 3 3 4 2
18 37 3 0 0
133 2 4 0 1
68 1 6 5 0
23 6 12 3 0
13 16 12 1 0
38 5 0 1 3
28 27 3 2 0
33 2 5 2 2
18 19 7 0 1
63 14 1 2 1
83 10 8 1 0
58 7 2 6 0
43 12 1 1 2
98 3 3 2 1
23 2 8 6 0
93 0 8 3 0
53 24 1 0 1
13 12 8 4 0
3 28 1 4 0
108 15 3 1 0
128 5 2 3 0
88 13 3 0 1
48 21 6 1 0
38 17 3 4 0
198 3 2 0 0
23 0 19 1 0
3 0 8 5 1
13 2 4 1 3
18 3 10 0 2
93 2 5 4 0
53 16 0 0 2
123 4 5 2 0
43 24 2 0 1
13 14 7 4 0
8 11 12 0 1
23 2 1 7 1
188 3 3 0 0
8 13 1 5 1
73 6 6 1 1
78 13 5 2 0
28 7 11 3 0
63 14 8 1 0
13 8 14 2 0
23 38 2 0 0
23 0 12 2 1
28 9 0 8 0
58 13 2 2 1
163 6 0 2 0
123 0 1 5 0
53 0 10 4 0
13 10 3 7 0
8 7 8 3 1
93 6 9 1 0
33 30 0 0 1
68 5 0 2 2
113 8 1 1 1
73 16 3 0 1
3 10 6 1 2
73 2 2 4 1
148 17 0 0 0
38 27 2 2 0
28 11 15 0 0
88 5 3 2 1
178 9 1 0 0
108 1 2 5 0
33 2 7 1 2
53 6 3 6 0
38 17 5 3 0
13 4 10 5 0
28 1 1 2 3
123 14 2 1 0
38 5 2 0 3
63 24 5 0 0
18 9 3 2 2
103 16 3 1 0
133 6 0 1 1
43 2 2 3 2
148 7 3 1 0
3 0 9 2 2
3 6 2 4 2
48 21 4 2 0
13 20 0 1 2
23 16 2 3 1
38 21 9 0 0
48 15 11 0 0
28 1 18 1 0
13 0 6 8 0
3 28 2 1 1
63 20 1 3 0
58 7 9 0 1
48 17 0 5 0
28 3 7 6 0
13 2 21 0 0
53 4 14 1 0
118 7 3 0 1
78 23 2 1 0
33 8 0 3 2
8 17 5 2 1
43 6 6 0 2
68 5 0 7 0
18 17 2 3 1
23 20 6 0 1
73 24 2 1 0
13 28 8 0 0
68 3 11 2 0
63 6 9 0 1
58 3 5 3 1
153 6 3 1 0
28 23 1 4 0
88 13 2 3 0
8 27 2 1 1
143 0 4 0 1
13 0 15 1 1
23 14 4 5 0
33 10 6 2 1
48 9 1 4 1
13 24 4 3 0
78 1 2 4 1
23 12 15 0 0
23 2 1 2 3
58 25 5 0 0
38 11 12 1 0
13 12 1 0 3
83 2 8 3 0
63 2 5 3 1
103 8 4 0 1
88 17 6 0 0
48 13 5 1 1
18 11 9 1 1
38 13 1 6 0
23 10 0 8 0
38 1 15 2 0
43 0 13 3 0
83 8 1 0 2
163 0 7 0 0
78 5 6 1 1
18 39 2 0 0
28 13 4 5 0
43 2 2 8 0
23 8 11 3 0
138 3 2 3 0
13 18 11 1 0
48 3 8 2 1
38 3 4 7 0
3 18 5 2 1
13 20 0 6 0
63 12 2 2 1
103 4 0 3 1
18 21 6 0 1
103 26 0 0 0
33 20 3 1 1
43 4 17 0 0
98 1 5 4 0
3 14 1 5 1
48 31 1 1 0
28 17 8 2 0
53 6 3 1 2
108 1 2 0 2
113 16 0 2 0
38 7 8 4 0
58 21 1 3 0
138 7 6 0 0
23 4 7 6 0
128 7 0 1 1
8 5 2 4 2
23 2 18 1 0
93 4 3 2 1
38 13 1 1 2
68 7 6 1 1
123 6 3 0 1
83 12 5 2 0
28 21 3 1 1
13 16 5 2 1
43 6 6 5 0
53 2 8 2 1
113 10 7 0 0
58 3 14 1 0
78 15 3 0 1
18 13 7 4 0
3 12 12 0 1
63 6 0 2 2
73 4 8 3 0
33 22 9 0 0
53 30 1 1 0
18 1 4 1 3
143 18 0 0 0
58 15 0 0 2
23 2 10 0 2
13 12 1 5 1
8 9 6 1 2
128 13 2 1 0
153 16 0 0 0
98 17 3 1 0
68 3 2 4 1
63 0 7 0 2
48 1 2 3 2
43 10 10 2 0
108 9 1 1 1
3 36 1 2 0
113 6 3 3 0
18 9 3 7 0
73 14 5 2 0
73 0 4 6 0
13 10 12 0 1
3 8 8 3 1
88 7 1 0 2
98 27 0 0 0
3 30 8 0 0
103 2 2 0 2
33 0 9 3 1
53 8 1 4 1
13 6 8 3 1
3 0 0 9 1
18 23 4 3 0
168 5 0 2 0
3 2 15 1 1
8 3 13 4 0
43 16 3 4 0
38 3 4 2 2
8 5 2 9 0
43 4 0 1 3
18 11 1 0 3
33 28 2 2 0
133 4 2 3 0
48 23 2 0 1
3 4 4 6 1
68 25 2 1 0
128 3 5 2 0
83 6 12 0 0
13 34 1 2 0
33 4 13 0 1
43 20 7 1 0
193 2 3 0 0
73 10 1 5 0
83 8 1 5 0
13 2 4 6 1
3 26 4 3 0
18 19 0 6 0
173 0 4 1 0
133 8 6 0 0
73 8 12 0 0
113 0 10 1 0
8 19 3 0 2
18 17 11 1 0
33 6 2 5 1
118 3 8 1 0
18 19 0 1 2
103 6 6 2 0
73 10 1 0 2
23 18 8 2 0
98 5 0 3 1
8 1 7 0 3
53 14 11 0 0
3 22 0 6 0
83 0 2 4 1
28 9 0 3 2
63 4 11 2 0
33 8 8 4 0
3 14 1 0 3
93 16 6 0 0
8 13 10 3 0
88 15 0 1 1
53 16 0 5 0
58 5 3 1 2
173 10 1 0 0
8 7 17 1 0
78 3 0 2 2
98 9 4 0 1
13 26 2 1 1
68 17 3 0 1
53 10 7 3 0
63 0 7 5 0
33 12 12 1 0
8 9 6 6 0
23 24 1 4 0
28 13 4 0 2
43 26 0 3 0
83 4 6 1 1
3 20 11 1 0
158 5 3 1 0
8 19 3 5 0
63 10 4 4 0
203 2 0 1 0
3 4 4 1 3
33 14 1 6 0
18 7 14 2 0
83 22 2 1 0
43 4 0 6 1
23 10 9 1 1
8 17 14 0 0
103 0 13 0 0
118 9 1 3 0
33 6 2 0 3
28 31 0 0 1
48 5 6 0 2
3 16 7 4 0
103 2 2 5 0
28 3 7 1 2
43 2 11 1 1
23 28 5 1 0
63 6 0 7 0
33 18 5 3 0
3 10 14 2 0
3 12 3 7 0
43 30 4 0 0
18 1 21 0 0
143 8 3 1 0
93 12 2 3 0
8 7 0 2 3
23 6 5 4 1
53 20 4 2 0
183 0 1 2 0
18 3 10 5 0
38 21 0 2 1
213 0 0 1 0
3 26 5 0 1
38 11 3 3 1
63 2 14 1 0
108 7 3 3 0
28 19 5 3 0
53 0 2 3 2
53 4 6 0 2
43 8 4 3 1
148 1 2 3 0
48 9 10 2 0
133 12 2 1 0
48 15 3 4 0
13 26 1 4 0
23 22 3 1 1
63 4 3 6 0
18 15 4 0 2
103 10 1 1 1
28 23 9 0 0
8 23 6 0 1
3 0 1 6 2
38 15 7 0 1
58 29 1 1 0
148 5 6 0 0
83 0 1 7 0
3 22 1 3 1
118 13 5 0 0
48 3 0 1 3
93 18 3 1 0
143 4 0 1 1
78 1 10 0 1
23 12 6 2 1
18 11 0 3 2
153 2 7 0 0
43 12 8 0 1
33 14 1 1 2
58 1 8 2 1
8 5 10 0 2
48 3 17 0 0
93 8 6 2 0
103 0 4 2 1
63 12 11 0 0
13 20 8 2 0
43 18 1 2 1
38 1 6 4 1
28 13 12 1 0
73 18 1 3 0
23 8 2 5 1
33 0 0 10 0
128 5 3 0 1
108 17 0 2 0
48 1 2 8 0
18 5 7 6 0
73 0 5 3 1
3 44 1 0 0
33 2 15 2 0
8 1 6 3 2
23 6 13 0 1
13 16 4 5 0
28 15 1 6 0
63 8 7 3 0
78 7 3 2 1
108 11 7 0 0
38 5 10 1 1
58 19 4 2 0
13 4 1 2 3
68 11 2 2 1
153 8 0 2 0
18 3 18 1 0
73 22 5 0 0
3 16 8 1 1
33 4 4 7 0
23 32 0 0 1
18 1 3 9 0
28 7 2 0 3
38 33 3 0 0
13 14 15 0 0
48 5 6 5 0
73 8 4 4 0
28 5 13 0 1
178 1 1 2 0
33 22 0 2 1
88 29 0 0 0
98 3 2 5 0
58 15 0 5 0
18 33 0 0 1
28 7 2 5 1
23 2 9 3 1
98 1 13 0 0
83 14 2 3 0
48 29 4 0 0
88 1 7 1 1
13 12 9 1 1
3 12 4 4 1
38 23 6 1 0
13 40 2 0 0
63 18 4 2 0
18 1 3 4 2
123 2 8 1 0
3 6 11 2 1
73 4 0 7 0
93 4 2 5 0
118 1 2 2 1
98 7 6 2 0
138 1 5 2 0
48 25 0 3 0
53 12 5 1 1
48 1 11 1 1
13 8 5 4 1
73 2 11 2 0
8 11 3 2 2
3 8 0 7 1
63 14 0 5 0
68 3 3 1 2
28 11 6 2 1
93 2 13 0 0
43 0 5 2 2
33 0 0 5 2
3 0 1 1 4
58 13 11 0 0
78 17 0 1 1
8 21 0 1 2
113 4 5 0 1
83 4 5 4 0
8 1 6 8 0
63 28 1 1 0
108 1 10 1 0
133 4 3 0 1
3 0 18 0 1
3 34 4 1 0
8 3 21 0 0
153 0 1 1 1
28 29 2 2 0
58 9 7 3 0
88 7 0 3 1
33 4 4 2 2
28 1 9 3 1
163 12 1 0 0
73 12 8 1 0
83 8 9 1 0
18 5 7 1 2
58 5 3 6 0
113 0 1 3 1
43 10 2 1 2
3 30 0 4 0
13 4 1 7 1
23 8 2 0 3
53 22 2 0 1
13 30 5 1 0
198 1 3 0 0
38 19 2 4 0
48 19 7 1 0
13 2 12 2 1
88 11 4 0 1
3 2 7 5 1
3 24 7 2 0
13 0 6 3 2
18 1 12 2 1
38 7 16 0 0
53 14 3 4 0
38 9 5 5 0
33 6 10 1 1
18 29 5 1 0
8 9 14 2 0
68 19 1 3 0
23 0 3 9 0
48 11 8 0 1
158 7 0 2 0
48 17 1 2 1
8 11 3 7 0
103 8 3 3 0
83 0 10 0 1
113 22 1 0 0
3 20 3 5 0
23 20 5 3 0
33 0 0 0 4
103 2 10 1 0
38 13 9 2 0
8 5 10 5 0
18 25 1 4 0
28 1 0 5 2
53 2 0 1 3
143 2 2 3 0
23 14 4 0 2
33 12 3 3 1
73 4 0 2 2
58 3 6 0 2
88 3 5 4 0
68 13 8 1 0
88 7 9 1 0
23 24 9 0 0
93 10 4 0 1
83 18 6 0 0
98 11 1 1 1
13 22 6 0 1
123 12 5 0 0
8 19 11 1 0
3 8 0 2 3
43 0 5 7 0
158 1 7 0 0
48 3 0 6 1
33 16 7 0 1
23 10 0 3 2
143 6 6 0 0
3 18 14 0 0
18 7 5 4 1
53 24 0 3 0
68 9 4 4 0
208 1 0 1 0
8 3 4 1 3
13 18 2 3 1
3 2 7 0 3
78 9 1 0 2
203 0 3 0 0
38 3 12 3 0
53 18 7 1 0
58 21 2 0 1
123 8 1 3 0
113 12 4 1 0
23 30 2 2 0
3 14 10 3 0
43 4 9 4 0
18 3 1 7 1
28 5 4 2 2
48 7 4 3 1
8 15 7 4 0
38 5 1 8 0
168 11 1 0 0
28 3 15 2 0
18 15 4 5 0
3 8 17 1 0
33 20 2 4 0
23 4 7 1 2
28 5 4 7 0
43 10 2 6 0
113 8 0 4 0
68 5 9 0 1
28 1 0 10 0
83 16 0 1 1
18 13 15 0 0
3 10 6 6 0
8 25 4 3 0
43 8 13 1 0
53 2 17 0 0
18 3 1 2 3
108 5 5 0 1
43 14 6 3 0
3 4 13 4 0
118 3 0 0 2
103 18 0 2 0
93 6 0 3 1
8 21 0 6 0
23 0 3 4 2
18 11 0 8 0
3 6 2 9 0
28 9 8 4 0
13 10 3 2 2
8 13 1 0 3
68 1 5 3 1
63 4 3 1 2
53 0 2 8 0
33 24 6 1 0
43 2 3 0 3
18 9 11 3 0
113 2 7 2 0
83 6 3 2 1
58 11 5 1 1
43 18 10 0 0
3 20 3 0 2
133 2 5 2 0
78 3 8 3 0
8 35 1 2 0
28 15 1 1 2
123 0 2 2 1
138 5 0 1 1
168 1 4 1 0
38 5 1 3 2
53 8 10 2 0
18 19 8 2 0
33 2 6 4 1
93 28 0 0 0
63 14 0 0 2
58 7 1 4 1
98 3 2 0 2
33 34 3 0 0
53 4 6 5 0
93 0 7 1 1
78 7 12 0 0
38 9 5 0 2
68 23 5 0 0
8 1 15 1 1
103 12 7 0 0
78 9 1 5 0
8 3 4 6 1
8 29 8 0 0
13 4 10 0 2
3 0 9 7 0
38 15 0 1 2
18 3 11 2 1
23 4 17 1 0
13 2 5 3 2
43 16 6 0 1
78 1 5 5 0
8 11 13 2 0
138 5 5 1 0
28 23 2 1 1
53 8 4 0 2
23 2 2 9 0
63 0 2 0 3
193 0 4 0 0
48 19 1 4 0
123 12 1 2 0
103 14 0 3 0
3 14 11 0 1
8 13 2 7 0
48 13 8 2 0
33 24 8 0 0
63 8 1 6 0
88 25 0 1 0
23 0 13 4 0
103 8 7 1 0
3 38 0 2 0
8 7 9 5 0
78 5 9 2 0
53 4 0 3 2
33 30 1 2 0
63 6 12 1 0
18 27 0 4 0
3 10 7 3 1
113 0 5 1 1
58 5 6 2 1
13 24 5 0 1
123 6 8 0 0
33 2 8 3 1
63 16 9 0 0
3 32 7 0 0
3 4 14 1 1
28 1 2 4 2
48 7 15 0 0
18 9 4 4 1
58 1 2 5 1
3 6 3 6 1
8 21 10 1 0
78 11 2 4 0
73 4 3 3 1
3 0 10 4 1
23 16 3 5 0
63 12 5 3 0
88 3 0 4 1
8 5 3 1 3
13 20 1 3 1
73 26 3 0 0
3 28 3 3 0
33 6 12 0 1
123 2 4 3 0
138 1 1 4 0
83 18 1 0 1
18 31 4 1 0
153 4 2 2 0
18 5 0 7 1
68 15 0 2 1
33 8 1 5 1
8 17 6 4 0
78 15 6 1 0
48 9 4 5 0
103 4 3 4 0
18 17 3 5 0
23 20 7 2 0
48 33 2 0 0
23 6 6 1 2
73 12 2 4 0
103 0 8 0 1
58 23 2 2 0
113 18 1 1 0
63 22 2 2 0
143 8 0 0 1
18 15 14 0 0
48 1 5 4 1
3 16 0 0 3
8 27 3 3 0
13 0 16 3 0
73 16 6 1 0
18 5 0 2 3
88 5 6 3 0
33 10 7 4 0
58 17 9 0 0
53 16 3 1 1
88 9 10 0 0
93 0 2 1 2
23 2 2 4 2
28 15 3 0 2
23 26 0 4 0
38 5 3 2 2
43 4 3 2 2
33 14 11 1 0
48 5 9 1 1
3 22 10 1 0
73 6 9 2 0
8 15 0 0 3
18 11 10 3 0
58 13 5 3 0
203 0 1 1 0
3 18 6 4 0
8 37 0 2 0
33 16 0 6 0
138 15 2 0 0
68 7 1 1 2
13 12 2 2 2
23 30 4 1 0
33 8 1 0 3
83 0 5 0 2
63 4 6 2 1
113 8 4 2 0
8 9 7 3 1
78 25 3 0 0
28 5 6 1 2
43 14 0 1 2
18 21 7 2 0
178 7 0 1 0
13 6 9 0 2
33 20 4 3 0
163 8 3 0 0
8 3 14 1 1
113 4 0 5 0
58 9 1 6 0
3 14 2 7 0
63 0 2 5 1
88 15 3 2 0
148 5 2 2 0
8 31 7 0 0
48 23 5 1 0
8 5 3 6 1
103 18 4 0 0
53 26 0 0 1
3 6 3 1 3
58 1 2 0 3
173 8 0 1 0
93 24 0 1 0
98 9 7 1 0
13 4 3 1 3
38 13 2 3 1
78 3 3 3 1
18 5 9 0 2
13 16 6 4 0
8 13 11 0 1
28 21 4 3 0
108 1 5 1 1
23 4 0 7 1
133 6 5 1 0
53 22 5 1 0
3 12 13 2 0
83 4 9 2 0
113 2 11 0 0
8 15 0 5 1
158 3 2 2 0
23 24 2 1 1
33 16 0 1 2
23 2 11 2 1
43 2 14 2 0
38 17 6 0 1
48 15 6 0 1
18 1 5 3 2
13 12 2 7 0
78 7 7 0 1
43 4 3 7 0
28 25 8 0 0
3 6 20 0 0
3 8 9 5 0
13 10 13 2 0
53 18 1 4 0
58 7 4 0 2
33 0 10 5 0
13 6 9 5 0
3 2 16 3 0
68 17 6 1 0
128 11 1 2 0
3 0 1 11 0
98 19 4 0 0
38 3 5 4 1
93 14 3 2 0
18 11 2 2 2
28 15 11 1 0
108 11 2 0 1
3 4 5 8 0
58 3 0 3 2
73 2 5 5 0
78 13 0 2 1
118 1 7 2 0
33 4 14 2 0
28 17 0 6 0
83 0 5 5 0
123 4 2 1 1
68 13 2 4 0
98 15 0 3 0
153 6 0 0 1
38 7 9 1 1
73 0 16 0 0
53 0 5 4 1
13 2 5 8 0
28 9 1 0 3
13 4 20 0 0
43 8 7 4 0
33 6 3 7 0
38 35 2 0 0
133 16 2 0 0
8 19 4 2 1
48 11 2 3 1
88 7 4 1 1
18 19 1 3 1
53 4 0 8 0
113 4 0 0 2
168 7 3 0 0
13 30 7 0 0
28 9 1 5 1
43 14 0 6 0
58 25 0 0 1
8 1 8 2 2
93 8 10 0 0
118 11 4 1 0
48 3 3 2 2
143 6 2 2 0
8 29 1 1 1
3 14 2 2 2
13 2 14 1 1
53 6 15 0 0
38 25 5 1 0
43 12 11 1 0
128 5 8 0 0
188 5 0 1 0
3 8 9 0 2
63 8 1 1 2
83 24 3 0 0
68 9 7 0 1
108 9 4 2 0
28 13 5 2 1
23 14 14 0 0
43 18 4 3 0
33 0 10 0 2
118 7 0 4 0
18 13 8 1 1
43 6 1 0 3
23 4 0 2 3
53 2 11 3 0
13 26 3 3 0
18 41 1 0 0
118 21 1 0 0
43 22 8 0 0
58 15 3 1 1
93 0 2 6 0
23 16 3 0 2
83 10 2 4 0
68 5 3 3 1
53 12 8 2 0
13 14 0 0 3
173 0 1 0 1
63 2 8 4 0
33 6 3 2 2
23 10 10 3 0
8 11 5 1 2
28 31 1 2 0
28 3 8 3 1
98 1 8 0 1
18 23 5 0 1
93 4 6 3 0
53 8 4 5 0
13 20 10 1 0
83 14 6 1 0
98 7 1 2 1
88 17 1 0 1
8 7 1 4 2
73 2 5 0 2
23 6 6 6 0
68 27 3 0 0
128 1 4 3 0
108 19 1 1 0
38 21 1 4 0
3 4 5 3 2
28 7 12 0 1
123 0 7 2 0
3 26 6 2 0
148 13 2 0 0
38 11 4 5 0
93 6 3 4 0
58 21 5 1 0
68 13 3 1 1
48 1 14 2 0
13 18 3 0 2
43 28 1 2 0
38 9 15 0 0
18 15 5 2 1
23 22 4 3 0
78 17 3 2 0
43 0 8 3 1
8 23 7 2 0
73 10 5 3 0
33 14 2 3 1
3 0 2 8 1
153 10 3 0 0
43 6 1 5 1
38 15 8 2 0
93 10 7 1 0
3 22 2 5 0
58 17 1 4 0
163 2 1 0 1
73 20 2 2 0
23 12 7 4 0
88 9 1 2 1
43 4 12 0 1
183 2 4 0 0
48 3 3 7 0
48 13 0 1 2
8 5 11 2 1
23 0 4 1 3
28 1 10 0 2
23 26 8 0 0
103 20 1 1 0
13 8 6 1 2
148 3 5 1 0
18 25 2 1 1
38 1 7 6 0
63 0 11 3 0
8 33 4 1 0
53 2 3 2 2
68 3 6 2 1
23 8 3 7 0
63 2 0 8 0
8 7 0 7 1
3 20 13 0 0
33 18 6 0 1
78 27 0 1 0
118 3 5 0 1
3 4 6 0 3
23 6 14 2 0
8 1 7 5 1
108 3 11 0 0
133 2 2 1 1
83 2 2 1 2
13 4 2 4 2
38 5 11 3 0
8 29 0 4 0
28 7 3 2 2
3 16 9 3 0
93 0 10 2 0
108 5 0 5 0
23 32 1 2 0
43 10 5 2 1
58 11 8 2 0
38 7 0 8 0
73 14 9 0 0
8 43 1 0 0
3 10 16 1 0
193 4 0 1 0
58 7 4 5 0
113 2 2 2 1
63 10 8 2 0
138 9 1 2 0
18 33 1 2 0
33 22 1 4 0
28 7 3 7 0
68 1 0 3 2
23 2 10 5 0
83 2 2 6 0
8 15 8 1 1
48 5 1 0 3
13 12 10 3 0
3 12 5 6 0
18 1 4 6 1
48 21 8 0 0
23 0 21 0 0
83 6 6 3 0
3 6 12 4 0
78 5 0 4 1
18 27 8 0 0
63 4 15 0 0
28 11 7 4 0
3 8 1 9 0
58 3 0 8 0
13 8 6 6 0
43 20 2 1 1
123 10 4 1 0
33 0 1 7 1
8 11 4 4 1
88 21 4 0 0
68 23 0 0 1
53 4 9 1 1
58 5 15 0 0
33 26 5 1 0
48 17 4 3 0
53 32 2 0 0
63 6 4 5 0
103 12 2 0 1
13 0 7 0 3
3 0 2 3 3
28 17 0 1 2
78 9 4 1 1
8 21 1 3 1
73 6 1 6 0
3 22 2 0 2
18 9 12 0 1
18 11 1 5 1
53 14 6 0 1
123 6 0 4 0
73 4 12 1 0
3 0 19 2 0
63 16 1 4 0
38 7 0 3 2
58 1 11 3 0
48 7 7 4 0
28 1 10 5 0
13 6 17 1 0
33 4 5 4 1
13 2 13 4 0
53 10 2 3 1
103 2 5 1 1
138 3 8 0 0
48 13 0 6 0
98 5 3 4 0
33 36 2 0 0
108 5 0 0 2
38 11 4 0 2
13 4 2 9 0
73 0 8 4 0
23 8 3 2 2
48 11 11 1 0
33 8 9 1 1
88 3 8 0 1
128 3 2 1 1
18 5 8 3 1
83 0 13 1 0
3 2 8 7 0
28 5 14 2 0
123 2 5 0 1
28 37 2 0 0
33 8 0 8 0
18 1 13 4 0
13 0 7 5 1
93 8 1 2 1
68 11 5 3 0
53 6 7 4 0
48 3 12 0 1
113 14 5 0 0
13 28 0 4 0
128 5 0 4 0
78 19 1 0 1
28 9 9 1 1
43 2 6 1 2
33 0 1 2 3
18 17 3 0 2
8 25 5 0 1
143 14 2 0 0
33 12 4 5 0
38 1 7 1 2
68 7 1 6 0
53 2 3 7 0
33 10 15 0 0
98 21 1 1 0
28 1 1 7 1
68 5 12 1 0
168 1 1 0 1
128 9 4 1 0
113 10 1 3 0
23 14 5 2 1
48 5 1 5 1
3 12 5 1 2
38 29 0 0 1
13 22 7 2 0
98 3 5 1 1
38 19 3 1 1
83 10 10 0 0
43 12 3 0 2
48 27 1 2 0
28 27 5 1 0
93 2 8 0 1
178 3 4 0 0
8 7 9 0 2
68 1 8 4 0
53 4 1 0 3
18 7 6 6 0
3 8 1 4 2
158 9 3 0 0
23 10 1 5 1
73 6 1 1 2
33 16 8 2 0
13 18 3 5 0
113 4 8 1 0
23 18 0 1 2
198 3 0 1 0
88 1 2 6 0
58 13 6 0 1
8 3 5 3 2
3 2 8 2 2
133 0 4 3 0
23 8 12 0 1
18 5 17 1 0
3 30 1 1 1
13 6 0 2 3
78 1 5 0 2
18 3 2 9 0
83 16 3 2 0
53 10 11 1 0
13 16 14 0 0
28 5 5 4 1
53 12 0 6 0
63 14 3 1 1
103 6 0 0 2
113 0 4 4 0
43 0 17 1 0
58 9 2 3 1
73 14 0 2 1
133 4 8 0 0
23 4 8 3 1
83 4 0 4 1
13 14 8 1 1
93 20 4 0 0
63 24 0 0 1
18 3 2 4 2
33 12 4 0 2
13 42 1 0 0
123 20 1 0 0
83 8 4 1 1
23 0 4 6 1
98 13 2 0 1
8 13 2 2 2
68 21 2 2 0
43 2 6 6 0
73 8 7 0 1
48 19 2 1 1
133 10 1 2 0
103 10 4 2 0
83 26 0 1 0
38 3 13 0 1
3 20 4 2 1
103 4 11 0 0
33 0 18 1 0
58 31 2 0 0
28 15 2 3 1
13 10 4 4 1
43 6 10 3 0
143 0 1 4 0
103 6 0 5 0
38 5 2 5 1
63 6 4 0 2
88 1 2 1 2
8 5 20 0 0
118 5 3 3 0
48 9 5 2 1
58 3 9 1 1
33 2 7 6 0
43 12 3 5 0
53 12 0 1 2
13 4 11 2 1
168 9 0 1 0
68 15 9 0 0
53 0 14 2 0
28 19 6 0 1
103 0 7 3 0
8 1 16 3 0
23 16 11 1 0
3 16 0 5 1
108 3 2 2 1
38 9 6 2 1
13 32 4 1 0
23 10 1 0 3
13 6 0 7 1
148 7 0 0 1
43 0 0 2 3
33 6 11 3 0
18 7 6 1 2
8 3 5 8 0
63 2 0 3 2
23 18 0 6 0
43 10 14 0 0
93 16 0 3 0
143 4 5 1 0
38 15 1 3 1
13 2 6 5 1
18 3 12 4 0
28 23 3 3 0
78 1 4 3 1
68 9 6 3 0
108 15 5 0 0
133 8 4 1 0
83 2 10 2 0
48 19 0 2 1
48 13 7 0 1
23 26 1 1 1
3 14 12 2 0
63 8 0 4 1
43 0 15 2 0
38 19 5 0 1
68 5 2 6 0
18 19 2 0 2
28 27 7 0 0
3 8 19 0 0
148 1 8 0 0
78 5 8 0 1
108 11 1 3 0
3 10 8 5 0
168 3 0 0 1
33 0 20 0 0
13 0 17 0 1
118 9 7 0 0
33 2 9 5 0
8 1 0 6 2
143 0 2 1 1
53 16 2 4 0
68 3 13 1 0
8 27 4 0 1
93 22 1 1 0
58 5 5 0 2
38 37 1 0 0
13 24 6 2 0
18 1 6 0 3
3 4 15 3 0
28 17 10 1 0
28 1 3 6 1
8 9 8 0 2
43 2 4 7 0
58 1 1 3 2
18 9 5 6 0
3 6 4 8 0
93 12 4 2 0
73 4 2 1 2
78 11 1 2 1
13 44 0 0 0
158 11 2 0 0
3 0 11 6 0
23 12 0 5 1
133 18 1 0 0
18 7 16 1 0
63 12 4 1 1
128 1 5 0 1
13 20 2 5 0
33 8 2 7 0
8 5 4 3 2
53 20 6 1 0
33 6 13 2 0
23 10 11 0 1
28 11 0 0 3
38 9 8 1 1
58 23 1 0 1
43 6 8 4 0
3 2 0 11 0
18 5 1 9 0
13 18 13 0 0
118 15 0 2 0
98 1 7 3 0
103 4 2 2 1
48 9 3 3 1
128 19 1 0 0
53 0 12 3 0
53 2 1 8 0
73 12 1 2 1
3 16 1 2 2
23 6 7 3 1
93 6 11 0 0
98 7 0 5 0
28 11 0 5 1
43 12 1 6 0
43 10 12 1 0
63 22 1 0 1
8 1 0 11 0
38 27 4 1 0
18 5 1 4 2
143 8 1 2 0
38 1 0 7 1
83 18 0 3 0
48 1 4 2 2
88 5 5 1 1
53 4 16 0 0
98 5 11 0 0
43 16 5 3 0
33 2 9 0 2
98 11 4 2 0
83 22 4 0 0
13 16 7 1 1
28 15 4 2 1
38 5 4 4 1
43 4 2 0 3
68 19 3 2 0
23 2 3 6 1
8 15 1 2 2
23 0 14 1 1
188 3 1 1 0
73 6 8 0 1
93 8 0 5 0
108 5 8 1 0
58 13 4 1 1
133 0 5 0 1
23 18 2 0 2
8 7 19 0 0
43 20 9 0 0
13 0 0 1 4
53 10 9 2 0
13 12 3 4 1
83 8 3 4 0
63 4 5 0 2
8 9 8 5 0
28 5 7 3 1
113 8 3 0 1
28 33 0 2 0
173 2 0 0 1
118 7 1 1 1
3 10 8 0 2
33 8 2 2 2
108 1 4 4 0
58 9 0 4 1
83 12 7 1 0
68 13 10 0 0
13 6 10 2 1
53 6 5 5 0
8 3 15 3 0
93 2 7 3 0
38 23 0 4 0
13 34 3 1 0
88 15 2 0 1
63 0 1 3 2
23 12 0 0 3
28 9 11 0 1
3 6 4 3 2
18 9 5 1 2
8 5 4 8 0
23 6 16 1 0
38 13 3 5 0
8 15 1 7 0
18 5 10 2 1
78 3 2 1 2
58 19 6 1 0
13 4 4 3 2
8 13 12 2 0
63 4 13 1 0
3 28 4 0 1
38 1 0 2 3
103 12 1 3 0
43 26 2 2 0
38 11 14 0 0
3 2 0 6 2
23 24 3 3 0
83 4 8 0 1
23 4 1 9 0
63 6 2 6 0
103 6 8 1 0
38 17 7 2 0
43 2 13 0 1
23 2 12 4 0
33 16 1 3 1
13 0 0 6 2
58 15 2 4 0
3 24 0 3 1
3 0 11 1 2
183 4 3 0 0
23 28 7 0 0
53 18 0 2 1
88 7 3 4 0
153 0 8 0 0
18 1 6 5 1
48 1 4 7 0
103 2 4 4 0
33 20 5 0 1
8 23 9 1 0
13 26 4 0 1
143 2 8 0 0
63 14 10 0 0
123 8 7 0 0
73 20 0 3 0
43 4 2 5 1
93 14 2 0 1
18 11 3 4 1
88 11 7 1 0
73 2 4 3 1
63 10 6 3 0
3 46 0 0 0
23 34 0 2 0
13 22 0 3 1
8 7 2 1 3
88 17 0 3 0
68 13 1 2 1
53 0 4 2 2
123 4 3 3 0
153 6 1 2 0
38 7 10 3 0
18 33 3 1 0
28 9 2 2 2
73 24 4 0 0
3 18 7 1 1
43 8 6 2 1
83 0 4 3 1
58 9 9 2 0
48 11 1 1 2
8 19 5 4 0
58 3 16 0 0
73 10 3 4 0
113 16 2 1 0
28 9 2 7 0
18 19 2 5 0
23 8 5 1 2
8 1 9 4 1
193 2 1 1 0
33 24 0 4 0
63 20 3 2 0
18 17 13 0 0
78 1 13 1 0
3 14 3 4 1
8 29 2 3 0
48 3 2 0 3
58 5 5 5 0
73 14 7 1 0
13 2 15 3 0
33 0 11 2 1
78 3 2 6 0
108 9 3 0 1
28 13 6 4 0
58 1 1 8 0
43 18 3 1 1
163 0 5 1 0
33 28 4 1 0
13 0 0 11 0
33 2 0 7 1
73 4 10 2 0
38 3 6 6 0
23 4 1 4 2
53 30 3 0 0
53 2 10 1 1
38 1 17 1 0
18 13 9 3 0
48 15 5 3 0
3 2 0 1 4
63 30 0 1 0
23 16 4 2 1
93 0 1 4 1
78 7 6 3 0
68 5 2 1 2
138 1 2 1 1
13 14 1 2 2
53 12 7 0 1
28 1 20 0 0
83 10 1 2 1
48 5 8 4 0
173 0 2 2 0
3 36 3 1 0
63 2 7 2 1
8 11 6 3 1
28 3 9 5 0
113 6 5 2 0
3 8 10 2 1
33 6 4 4 1
33 38 1 0 0
8 5 13 1 1
163 10 2 0 0
28 1 3 1 3
48 11 1 6 0
13 8 8 0 2
98 7 0 0 2
123 14 0 2 0
18 23 6 2 0
113 2 1 5 0
53 8 3 3 1
38 13 3 0 2
93 4 5 1 1
78 11 10 0 0
3 2 17 0 1
103 16 5 0 0
133 4 0 4 0
48 9 12 1 0
33 10 8 1 1
8 7 2 6 1
88 1 10 2 0
28 7 13 2 0
8 33 6 0 0
3 4 6 5 1
28 39 1 0 0
98 7 8 1 0
48 1 13 0 1
93 6 2 2 1
13 18 4 2 1
83 14 4 2 0
28 11 8 1 1
53 4 8 4 0
53 0 4 7 0
43 28 0 0 1
113 0 12 0 0
33 12 14 0 0
18 15 6 4 0
158 5 0 0 1
78 17 2 0 1
43 0 7 1 2
33 2 0 2 3
143 16 1 0 0
33 14 3 5 0
73 10 4 1 1
23 4 9 0 2
13 14 0 5 1
3 0 3 10 0
38 3 6 1 2
43 6 0 3 2
58 17 0 2 1
3 14 4 1 2
73 20 1 0 1
163 2 2 2 0
63 18 6 1 0
13 12 11 0 1
18 3 3 1 3
48 3 2 5 1
88 9 0 0 2
28 1 11 2 1
33 18 7 2 0
53 10 1 6 0
178 5 3 0 0
63 0 10 1 1
18 25 3 3 0
128 13 0 2 0
13 8 7 3 1
8 5 12 4 0
28 3 0 7 1
23 0 5 3 2
98 17 5 0 0
98 13 1 3 0
3 10 0 4 2
53 2 2 0 3
83 10 0 5 0
133 2 3 3 0
48 25 2 2 0
68 3 5 0 2
63 28 3 0 0
83 8 11 0 0
38 21 2 1 1
18 13 0 0 3
8 7 1 9 0
13 36 0 2 0
3 4 7 2 2
48 19 9 0 0
8 1 8 7 0
118 3 6 2 0
123 6 1 1 1
13 4 3 6 1
53 8 12 1 0
93 0 9 0 1
28 7 4 4 1
43 10 4 0 2
18 19 10 1 0
58 11 7 0 1
228 1 0 0 0
8 21 2 0 2
73 28 0 1 0
3 0 3 5 2
113 2 1 0 2
58 7 3 3 1
133 6 7 0 0
63 10 7 0 1
18 3 20 0 0
83 2 1 4 1
8 3 6 0 3
93 18 5 0 0
3 32 0 1 1
8 15 9 3 0
153 2 5 1 0
128 7 7 0 0
18 1 5 8 0
118 13 3 1 0
33 14 3 0 2
8 9 16 1 0
83 6 5 1 1
68 7 9 2 0
108 7 5 2 0
33 0 2 9 0
43 0 7 6 0
13 28 1 1 1
63 6 3 3 1
13 0 8 2 2
48 17 3 1 1
8 11 5 6 0
133 12 0 2 0
28 3 9 0 2
28 17 1 3 1
3 22 3 2 1
118 23 0 0 0
8 21 2 5 0
83 24 1 1 0
38 5 12 0 1
73 6 0 4 1
58 29 3 0 0
68 3 5 5 0
18 11 2 7 0
33 2 17 1 0
43 6 0 8 0
143 2 0 4 0
23 12 8 1 1
48 7 6 2 1
38 7 1 5 1
58 1 10 1 1
18 9 13 2 0
63 16 0 2 1
68 1 16 0 0
43 4 11 3 0
33 4 6 6 0
28 21 5 0 1
98 5 2 2 1
23 18 10 1 0
38 11 5 2 1
43 10 4 5 0
53 10 1 1 2
93 14 1 3 0
143 6 4 1 0
33 8 10 3 0
8 19 13 0 0
73 0 7 2 1
23 8 4 4 1
18 5 9 5 0
108 17 2 1 0
128 3 3 3 0
43 8 15 0 0
68 11 4 1 1
123 2 6 2 0
13 0 8 7 0
93 8 0 0 2
43 14 8 2 0
83 16 2 0 1
13 20 2 0 2
53 6 6 2 1
58 7 12 1 0
138 7 4 1 0
8 1 17 0 1
188 1 4 0 0
28 9 10 3 0
33 0 2 4 2
118 1 0 3 1
3 0 3 0 4
3 16 10 0 1
23 40 1 0 0
73 8 6 3 0
68 7 0 4 1
18 17 4 2 1
38 1 8 3 1
88 23 1 1 0
153 12 2 0 0
53 2 2 5 1
78 3 10 2 0
28 1 2 9 0
58 3 8 4 0
73 18 3 2 0
3 12 6 3 1
113 10 0 1 1
163 4 0 0 1
28 3 0 2 3
168 1 2 2 0
33 4 6 1 2
23 14 6 4 0
38 29 1 2 0
28 13 14 0 0
48 5 0 3 2
8 25 6 2 0
183 6 0 1 0
3 6 13 1 1
108 3 1 5 0
3 34 6 0 0
23 2 3 1 3
18 27 1 1 1
8 7 10 2 1
138 3 0 4 0
3 8 2 6 1
43 20 1 4 0
13 10 5 1 2
48 27 0 0 1
8 35 3 1 0
68 1 7 2 1
103 18 2 1 0
38 19 4 3 0
78 9 3 4 0
23 10 2 7 0
23 18 1 3 1
63 0 1 8 0
3 2 9 4 1
38 23 8 0 0
28 3 17 1 0
8 3 6 5 1
118 5 4 0 1
23 8 13 2 0
43 24 5 1 0
13 6 1 4 2
28 5 6 6 0
108 1 12 0 0
73 12 10 0 0
88 1 1 4 1
23 22 5 0 1
113 0 3 2 1
78 13 7 1 0
58 9 1 1 2
23 4 9 5 0
63 8 9 2 0
18 35 0 2 0
8 45 0 0 0
38 13 11 1 0
53 18 9 0 0
28 25 0 4 0
13 14 9 3 0
3 30 2 3 0
8 17 7 1 1
173 6 3 0 0
88 3 7 3 0
198 1 1 1 0
18 3 3 6 1
23 2 20 0 0
33 12 5 2 1
68 29 0 1 0
53 14 5 3 0
13 2 6 0 3
8 1 0 1 4
3 24 9 1 0
63 2 16 0 0
48 5 0 8 0
88 7 11 0 0
18 29 7 0 0
18 1 14 1 1
48 3 11 3 0
68 21 1 0 1
28 29 4 1 0
38 7 1 0 3
123 12 3 1 0
43 2 5 4 1
23 0 5 8 0
63 4 5 5 0
103 10 3 0 1
78 19 0 3 0
158 1 5 1 0
8 13 3 4 1
38 15 0 6 0
138 17 1 0 0
28 15 3 5 0
13 8 16 1 0
3 20 5 4 0
18 13 0 5 1
38 3 14 2 0
73 4 2 6 0
13 10 5 6 0
88 9 0 5 0
73 2 13 1 0
48 9 4 0 2
38 5 3 7 0
63 14 2 4 0
18 11 11 0 1
8 23 0 3 1
78 23 4 0 0
43 6 9 1 1
98 3 4 4 0
28 19 7 2 0
53 0 13 0 1
13 4 12 4 0
43 12 2 3 1
43 34 2 0 0
33 22 2 1 1
103 0 6 1 1
38 9 7 4 0
233 0 0 0 0
3 16 1 7 0
108 3 1 0 2
53 24 2 2 0
13 6 1 9 0
128 5 1 1 1
23 10 2 2 2
3 8 2 1 3
148 7 1 2 0
88 13 4 2 0
18 7 7 3 1
133 16 0 1 0
13 22 1 0 2
3 2 10 1 2
3 30 3 0 1
53 8 6 4 0
48 5 11 0 1
13 2 7 7 0
108 3 5 3 0
38 13 13 0 0
23 26 2 3 0
8 3 16 0 1
63 0 4 4 1
8 5 5 5 1
78 21 1 2 0
148 5 0 3 0
38 15 2 5 0
93 10 1 4 0
43 4 5 1 2
158 1 2 0 1
103 6 3 1 1
53 4 2 7 0
33 18 0 3 1
38 19 6 2 0
18 19 3 2 1
73 14 2 1 1
63 22 4 1 0
148 9 4 0 0
13 0 18 2 0
93 14 5 1 0
118 17 3 0 0
8 27 5 2 0
8 1 1 8 1
23 30 6 0 0
48 7 0 5 1
18 1 7 2 2
218 3 0 0 0
33 22 4 0 1
43 14 2 0 2
163 8 1 1 0
23 4 2 1 3
48 29 0 2 0
8 9 9 2 1
28 1 4 8 0
38 9 9 3 0
93 4 8 2 0
53 6 0 0 3
18 29 0 1 1
178 1 5 0 0
13 12 4 1 2
128 9 1 0 1
108 13 2 2 0
53 18 3 3 0
23 12 1 7 0
63 32 1 0 0
83 6 0 1 2
58 15 5 0 1
108 7 9 0 0
53 12 10 1 0
8 37 2 1 0
28 11 1 2 2
78 3 5 2 1
68 7 3 0 2
43 0 1 9 0
23 10 12 2 0
63 4 8 1 1
48 1 7 3 1
3 20 6 1 1
33 0 4 3 2
43 2 16 1 0
63 14 5 0 1
28 11 1 7 0
58 11 1 3 1
88 25 2 0 0
193 0 2 1 0
113 6 0 2 1
83 6 0 6 0
3 16 2 4 1
18 5 2 6 1
23 6 8 5 0
38 1 1 9 0
28 3 2 1 3
73 0 1 5 1
8 19 6 1 1
23 4 19 0 0
38 3 16 1 0
68 11 7 2 0
13 4 5 0 3
18 3 13 1 1
93 0 4 5 0
33 2 10 2 1
123 6 6 1 0
138 5 3 2 0
83 10 4 3 0
13 16 8 3 0
28 15 5 4 0
133 8 1 0 1
33 30 3 1 0
103 16 0 0 1
38 5 5 6 0
43 4 5 6 0
23 2 4 8 0
48 21 1 1 1
78 13 2 1 1
63 10 1 3 1
118 5 0 2 1
8 15 2 4 1
58 33 1 0 0
68 7 3 5 0
23 18 3 2 1
13 0 1 3 3
28 3 19 0 0
23 0 15 3 0
123 2 2 4 0
3 38 2 1 0
13 12 4 6 0
153 4 0 3 0
58 5 8 1 1
43 8 9 3 0
18 13 10 0 1
18 31 6 0 0
28 5 8 5 0
83 0 7 4 0
53 2 13 2 0
113 0 7 0 1
98 3 8 2 0
13 10 15 1 0
68 5 14 0 0
33 8 3 4 1
48 11 4 2 1
88 3 2 3 1
3 10 9 2 1
88 7 6 0 1
38 15 2 0 2
13 6 11 4 0
3 4 16 0 1
33 40 0 0 0
43 14 2 5 0
98 9 1 4 0
58 1 4 4 1
68 1 10 3 0
13 8 0 9 0
3 6 5 5 1
23 12 1 2 2
28 9 12 2 0
83 4 11 1 0
33 12 7 1 1
18 9 6 3 1
43 12 13 0 0
73 4 5 2 1
43 18 6 2 0
18 7 0 9 0
13 4 5 5 1
68 15 2 1 1
163 0 2 0 1
53 10 4 2 1
3 28 5 2 0
28 13 7 1 1
3 2 1 8 1
8 7 3 3 2
33 14 13 0 0
58 11 10 1 0
128 1 2 4 0
18 5 11 4 0
28 41 0 0 0
33 16 2 5 0
53 6 0 5 1
73 12 4 3 0
18 21 1 0 2
113 18 3 0 0
3 24 1 5 0
8 1 10 1 2
38 5 5 1 2
73 22 1 2 0
13 0 1 8 1
73 0 1 0 3
153 8 4 0 0
143 6 0 3 0
3 0 12 3 1
8 29 3 0 1
128 5 6 1 0
58 7 6 4 0
13 2 16 0 1
103 0 1 6 0
18 1 7 7 0
18 3 5 0 3
33 20 6 2 0
83 14 8 0 0
98 7 3 1 1
13 26 5 2 0
58 3 2 7 0
8 11 7 0 2
93 6 6 0 1
88 3 11 1 0
53 20 1 1 1
18 11 4 6 0
183 2 2 1 0
143 10 4 0 0
3 22 12 0 0
38 23 1 1 1
3 6 5 0 3
18 9 15 1 0
88 5 0 6 0
68 5 5 2 1
78 5 3 0 2
28 9 3 4 1
23 12 10 0 1
63 2 10 3 0
43 28 3 1 0
38 1 1 4 2
48 3 5 1 2
13 20 12 0 0
83 20 1 2 0
3 18 8 3 0
13 22 1 5 0
58 1 13 2 0
113 8 6 1 0
73 16 8 0 0
43 0 10 2 1
8 1 10 6 0
63 12 7 2 0
3 12 15 1 0
53 22 7 0 0
113 4 2 4 0
3 14 4 6 0
98 17 0 0 1
133 0 10 0 0
173 2 5 0 0
18 7 0 4 2
23 8 6 3 1
108 7 0 2 1
93 24 2 0 0
48 3 5 6 0
33 16 2 0 2
63 8 3 5 0
33 0 12 4 0
93 2 2 3 1
123 16 3 0 0
3 10 0 9 0
13 18 6 1 1
108 1 7 0 1
63 6 14 0 0
83 12 2 1 1
23 4 2 6 1
133 6 3 2 0
103 14 2 2 0
33 2 1 9 0
43 6 3 4 1
48 7 9 3 0
213 4 0 0 0
28 5 8 0 2
3 2 1 3 3
8 17 0 2 2
33 4 16 1 0
88 5 0 1 2
23 16 5 4 0
3 24 1 0 2
38 9 0 5 1
8 9 18 0 0
118 1 5 3 0
103 8 9 0 0
23 2 13 1 1
38 7 11 0 1
28 19 0 3 1
53 0 7 3 1
123 4 0 2 1
73 8 0 6 0
13 14 2 4 1
63 18 0 4 0
8 11 7 5 0
73 6 11 1 0
43 10 7 1 1
83 2 5 2 1
53 4 11 0 1
33 6 5 6 0
48 13 2 0 2
3 8 11 4 0
48 1 16 1 0
8 5 14 3 0
103 4 5 3 0
43 38 0 0 0
23 20 9 1 0
143 0 7 1 0
38 13 4 2 1
28 1 4 3 2
13 8 9 2 1
3 2 18 2 0
28 23 4 0 1
43 16 0 3 1
18 11 4 1 2
33 10 9 3 0
58 3 2 2 2
148 3 2 0 1
78 3 14 0 0
13 36 2 1 0
3 4 7 7 0
53 28 0 2 0
8 7 3 8 0
73 2 7 4 0
13 18 5 4 0
18 7 8 0 2
78 5 2 3 1
83 6 8 2 0
13 6 2 1 3
43 20 4 0 1
53 12 2 0 2
73 2 8 1 1
3 18 9 0 1
68 1 2 2 2
28 11 9 3 0
128 3 0 2 1
63 4 0 0 3
108 19 3 0 0
33 2 1 4 2
3 2 2 0 4
118 5 9 0 0
78 9 6 0 1
23 42 0 0 0
58 9 4 2 1
13 14 1 7 0
63 10 10 1 0
133 4 6 1 0
98 1 1 6 0
23 4 10 2 1
38 3 7 3 1
28 15 13 0 0
8 15 10 0 1
83 12 1 4 0
33 6 5 1 2
88 1 4 0 2
3 14 5 3 1
13 12 12 2 0
38 31 0 2 0
18 3 4 3 2
53 0 16 1 0
3 8 12 1 1
73 12 5 0 1
48 13 2 5 0
58 5 0 5 1
98 5 5 3 0
13 8 8 5 0
28 3 1 9 0
53 2 5 6 0
23 0 6 5 1
93 16 2 2 0
48 11 13 0 0
3 10 1 6 1
63 20 7 0 0
38 21 3 3 0
18 13 1 2 2
83 0 15 0 0
23 20 0 3 1
48 17 6 2 0
73 30 1 0 0
28 5 16 1 0
98 9 9 0 0
73 8 1 3 1
83 2 4 5 0
28 7 5 6 0
13 4 4 8 0
3 36 5 0 0
153 0 4 2 0
38 25 7 0 0
133 14 3 0 0
63 16 3 3 0
58 3 11 0 1
13 6 19 0 0
103 8 0 2 1
23 24 4 0 1
43 2 8 0 2
118 11 2 2 0
8 21 3 2 1
8 3 7 2 2
3 0 4 7 1
128 15 3 0 0
38 15 10 1 0
43 8 1 2 2
68 1 2 7 0
58 27 0 2 0
18 21 0 3 1
48 37 0 0 0
98 15 2 2 0
93 10 9 0 0
153 10 1 1 0
3 32 1 3 0
163 0 1 3 0
73 20 4 1 0
13 6 2 6 1
143 4 3 2 0
13 32 6 0 0
8 31 0 1 1
88 9 3 1 1
33 14 4 2 1
48 5 3 4 1
3 4 8 4 1
13 4 13 1 1
3 26 8 1 0
13 0 9 4 1
83 26 2 0 0
103 0 1 1 2
63 26 0 2 0
58 21 7 0 0
38 9 0 0 3
13 28 2 3 0
48 9 7 1 1
28 31 3 1 0
18 15 7 1 1
28 3 10 2 1
143 14 0 1 0
3 22 4 4 0
18 43 0 0 0
28 17 2 5 0
118 3 3 1 1
93 2 1 6 0
63 8 4 2 1
58 17 3 3 0
108 9 6 1 0
38 5 13 2 0
93 0 12 1 0
8 13 4 1 2
113 12 1 0 1
23 12 9 3 0
38 7 2 7 0
93 6 5 3 0
3 18 0 7 0
23 0 6 0 3
223 2 0 0 0
18 25 4 0 1
108 5 2 4 0
38 11 6 4 0
178 3 2 1 0
63 2 11 0 1
43 0 19 0 0
13 22 9 1 0
83 16 5 1 0
28 21 6 2 0
163 4 5 0 0
73 16 0 4 0
8 9 0 4 2
53 2 5 1 2
88 19 0 0 1
3 10 1 1 3
23 8 5 6 0
33 24 1 1 1
48 27 3 1 0
133 2 0 2 1
58 5 0 0 3
63 4 0 5 1
68 31 1 0 0
78 7 0 1 2
13 20 3 2 1
83 8 6 0 1
93 0 4 0 2
3 16 11 2 0
123 10 2 2 0
73 0 10 3 0
53 26 3 1 0
43 2 8 5 0
8 1 18 2 0
63 2 2 2 2
33 26 7 0 0
3 0 4 2 3
33 0 3 6 1
113 2 4 1 1
3 10 18 0 0
58 11 2 0 2
18 17 5 4 0
38 1 9 5 0
23 6 8 0 2
43 8 1 7 0
33 32 0 2 0
3 12 7 5 0
28 3 1 4 2
88 11 1 4 0
13 14 10 0 1
18 5 2 1 3
33 4 7 3 1
43 6 12 2 0
73 10 7 2 0
3 6 14 3 0
43 12 5 4 0
123 4 9 0 0
23 2 4 3 2
8 7 11 4 0
53 4 3 4 1
23 16 13 0 0
18 27 2 3 0
68 21 4 1 0
13 10 6 3 1
3 8 3 8 0
8 9 0 9 0
43 0 2 1 3
103 10 6 1 0
88 15 5 1 0
23 18 2 5 0
93 18 0 0 1
48 19 4 0 1
73 6 3 5 0
3 2 10 6 0
138 15 0 1 0
123 0 5 3 0
83 4 2 3 1
43 16 9 1 0
33 10 0 5 1
8 3 7 7 0
33 8 11 0 1
78 1 7 4 0
168 3 5 0 0
68 17 0 4 0
153 2 2 0 1
73 4 14 0 0
28 25 1 1 1
173 4 2 1 0
103 6 2 4 0
48 15 0 3 1
18 21 9 1 0
118 13 0 0 1
8 23 1 0 2
113 20 0 1 0
8 5 5 0 3
23 22 6 2 0
33 0 3 1 3
98 1 1 1 2
38 1 9 0 2
103 2 7 0 1
3 18 0 2 2
78 5 11 1 0
18 5 19 0 0
13 8 0 4 2
18 3 4 8 0
53 10 13 0 0
33 12 6 4 0
48 7 1 2 2
8 17 8 3 0
58 1 5 1 2
78 7 0 6 0
13 2 7 2 2
68 13 5 0 1
8 1 1 3 3
18 1 15 3 0
8 11 15 1 0
3 0 21 1 0
28 17 2 0 2
138 7 1 0 1
53 6 9 3 0
43 22 2 3 0
13 30 0 1 1
38 7 2 2 2
33 16 10 1 0
78 11 4 3 0
158 9 1 1 0
28 1 12 4 0
8 13 4 6 0
18 13 1 7 0
68 9 1 3 1
53 16 6 2 0
43 26 6 0 0
48 1 8 0 2
58 19 1 1 1
113 10 3 2 0
23 32 3 1 0
23 14 7 1 1
28 7 5 1 2
8 23 1 5 0
63 6 6 4 0
18 11 12 2 0
88 1 4 5 0
33 10 0 0 3
3 12 7 0 2
78 15 8 0 0
53 12 2 5 0
93 8 3 1 1
63 0 13 2 0
33 22 3 3 0
68 3 8 1 1
43 0 2 6 1
8 21 12 0 0
23 10 3 4 1
103 20 3 0 0
133 0 2 4 0
3 8 3 3 2
88 5 8 2 0
18 7 8 5 0
63 2 2 7 0
73 6 3 0 2
18 23 8 1 0
108 3 4 1 1
43 16 7 2 0
68 29 2 0 0
73 0 0 8 0
13 22 2 2 1
3 2 11 3 1
8 3 17 2 0
28 15 6 1 1
98 11 6 1 0
3 30 4 2 0
53 8 5 2 1
38 7 4 1 2
63 0 3 2 2
3 4 0 8 1
123 12 0 0 1
33 16 12 0 0
8 5 6 7 0
93 10 0 2 1
58 9 11 1 0
78 21 0 0 1
113 4 10 0 0
158 1 3 2 0
18 19 4 4 0
113 0 6 3 0
33 18 1 5 0
53 4 1 5 1
23 8 7 0 2
13 16 9 0 1
58 5 7 4 0
8 1 2 10 0
18 7 1 1 3
18 1 8 4 1
33 22 5 2 0
83 12 9 0 0
183 4 1 1 0
98 21 3 0 0
8 9 10 4 0
93 4 7 0 1
23 4 3 3 2
68 19 5 1 0
43 22 0 4 0
88 1 12 1 0
108 13 1 0 1
18 29 1 3 0
3 26 0 5 0
58 1 3 7 0
128 9 2 2 0
143 12 3 0 0
3 24 11 0 0
38 25 0 1 1
13 0 2 0 4
73 4 4 5 0
88 3 1 6 0
3 20 7 3 0
48 1 6 1 2
73 2 15 0 0
193 8 0 0 0
123 2 3 1 1
78 3 4 0 2
138 1 0 2 1
13 12 5 3 1
28 11 2 4 1
153 4 1 0 1
43 26 4 1 0
38 3 0 4 2
83 18 2 2 0
168 5 4 0 0
68 15 1 4 0
33 0 5 5 1
8 25 0 0 2
58 11 0 1 2
33 18 1 0 2
103 0 9 2 0
8 7 4 0 3
53 20 8 0 0
18 7 18 0 0
3 16 3 6 0
133 2 9 0 0
43 0 0 7 1
48 1 6 6 0
173 4 4 0 0
28 3 3 3 2
18 5 3 8 0
93 22 3 0 0
8 19 7 3 0
73 0 0 3 2
118 9 5 1 0
3 8 4 0 3
63 10 0 1 2
158 11 0 1 0
18 3 14 3 0
128 3 9 0 0
68 11 6 0 1
53 16 4 3 0
8 3 0 3 3
33 2 11 4 0
13 4 6 2 2
8 13 14 1 0
33 4 0 9 0
93 0 3 3 1
168 1 0 3 0
83 10 3 1 1
133 8 2 2 0
48 5 10 3 0
43 4 4 4 1
3 14 14 1 0
3 4 0 3 3
28 7 7 0 2
118 5 1 4 0
8 15 3 6 0
173 0 0 3 0
23 18 4 4 0
13 0 2 5 2
33 6 15 1 0
3 26 0 0 2
18 15 0 7 0
68 7 2 3 1
43 8 8 1 1
18 13 11 2 0
38 9 10 0 1
8 25 0 5 0
83 0 6 2 1
63 4 7 4 0
3 10 10 4 0
98 3 7 0 1
33 8 4 6 0
53 2 12 0 1
48 11 3 0 2
88 3 1 1 2
43 36 1 0 0
23 22 8 1 0
108 21 0 1 0
33 0 5 0 3
8 23 11 0 0
38 15 3 2 1
3 4 17 2 0
28 25 3 0 1
43 14 1 3 1
98 9 0 2 1
18 9 7 5 0
148 5 1 0 1
58 1 3 2 2
68 1 9 1 1
3 6 6 7 0
78 1 15 0 0
143 2 6 1 0
63 0 3 7 0
23 12 2 4 1
73 4 4 0 2
53 26 1 2 0
33 12 8 3 0
43 18 5 0 1
28 1 5 0 3
78 3 4 5 0
13 24 0 0 2
8 5 15 0 1
138 3 6 1 0
28 13 8 3 0
13 4 6 7 0
108 1 6 3 0
53 10 3 0 2
48 21 0 4 0
158 3 1 0 1
33 4 0 4 2
3 2 2 10 0
8 7 4 5 1
48 15 7 2 0
73 12 3 1 1
18 21 2 2 1
23 16 6 1 1
78 7 8 2 0
13 0 2 10 0
73 22 0 0 1
8 1 11 3 1
38 5 6 3 1
33 8 4 1 2
163 0 3 2 0
3 16 3 1 2
28 17 12 0 0
13 2 17 2 0
3 0 13 5 0
8 29 4 2 0
58 7 5 2 1
118 19 2 0 0
63 20 5 1 0
8 3 0 8 1
103 0 0 4 1
218 1 1 0 0
48 11 3 5 0
163 10 0 1 0
103 22 0 1 0
18 3 6 2 2
58 1 12 0 1
28 5 0 9 0
58 3 1 5 1
63 2 9 1 1
48 9 14 0 0
128 11 0 0 1
23 6 1 1 3
68 5 4 0 2
108 11 3 2 0
78 13 1 4 0
28 7 15 1 0
38 23 2 3 0
148 13 0 1 0
23 14 0 7 0
118 1 6 0 1
43 0 9 0 2
63 30 2 0 0
108 5 10 0 0
8 39 1 1 0
13 14 3 1 2
53 0 6 6 0
28 9 4 6 0
23 12 11 2 0
38 1 2 6 1
38 27 6 0 0
83 20 0 0 1
8 11 8 2 1
23 26 3 0 1
78 17 5 1 0
48 35 1 0 0
33 16 3 2 1
63 12 6 0 1
113 4 1 2 1
58 25 1 2 0
13 22 11 0 0
38 17 9 1 0
23 8 7 5 0
143 6 1 0 1
3 0 13 0 2
48 3 4 4 1
18 7 1 6 1
153 0 6 1 0
8 21 5 1 1
88 7 5 3 0
3 6 6 2 2
18 5 12 1 1
63 8 2 3 1
88 11 9 0 0
58 19 8 0 0
23 6 18 0 0
53 18 2 1 1
13 6 4 0 3
68 9 8 2 0
93 2 1 1 2
13 18 7 3 0
123 8 5 1 0
103 14 1 0 1
48 7 8 1 1
23 4 3 8 0
43 6 2 2 2
28 33 2 1 0
28 5 9 2 1
3 2 2 5 2
8 17 1 4 1
23 2 14 3 0
38 9 1 7 0
198 7 0 0 0
13 14 3 6 0
138 13 3 0 0
28 19 1 5 0
53 0 6 1 2
58 15 4 3 0
13 2 0 3 3
38 7 12 2 0
68 5 4 5 0
3 24 2 2 1
18 33 5 0 0
18 15 9 0 1
123 4 1 4 0
83 2 4 0 2
13 12 14 1 0
98 1 9 2 0
78 27 2 0 0
68 3 15 0 0
103 4 4 1 1
68 1 0 8 0
38 13 5 4 0
28 1 5 5 1
38 1 2 1 3
13 8 10 4 0
98 7 2 4 0
28 23 5 2 0
178 5 1 1 0
58 11 0 6 0
48 25 4 1 0
58 3 1 0 3
18 11 5 3 1
33 26 0 1 1
148 3 3 2 0
88 17 2 2 0
23 14 0 2 2
128 1 3 1 1
73 2 6 2 1
23 8 15 1 0
78 5 1 1 2
8 17 0 7 0
123 0 6 0 1
68 13 4 3 0
13 6 3 3 2
33 0 13 1 1
53 24 4 1 0
33 2 2 6 1
68 1 1 0 3
3 18 10 2 0
113 16 4 0 0
33 28 6 0 0
128 3 1 4 0
8 9 1 1 3
43 0 9 5 0
23 6 0 9 0
83 6 7 0 1
18 7 9 2 1
38 1 19 0 0
3 2 3 2 3
98 23 0 1 0
48 17 5 0 1
98 1 0 4 1
3 12 17 0 0
68 9 0 6 0
38 3 8 5 0
43 6 2 7 0
23 4 11 4 0
53 20 0 4 0
8 15 11 2 0
28 5 0 4 2
33 6 6 3 1
68 7 11 1 0
3 14 6 5 0
18 3 5 5 1
88 9 2 4 0
43 4 13 2 0
128 7 5 1 0
58 9 3 0 2
8 25 8 1 0
98 5 4 1 1
3 8 13 3 0
48 13 1 3 1
143 0 9 0 0
13 28 3 0 1
43 10 6 4 0
23 0 7 7 0
23 18 12 0 0
3 10 2 8 0
113 12 0 3 0
53 2 4 4 1
93 16 1 0 1
33 10 10 0 1
23 20 1 5 0
88 13 6 1 0
158 7 4 0 0
13 0 10 1 2
73 8 0 1 2
8 21 4 4 0
203 6 0 0 0
18 13 2 4 1
18 35 2 1 0
83 2 3 3 1
68 3 7 4 0
28 27 0 1 1
158 3 0 3 0
113 6 7 1 0
23 24 5 2 0
173 6 1 1 0
63 16 2 1 1
13 4 14 3 0
8 3 8 4 1
33 14 5 4 0
3 0 5 9 0
38 3 8 0 2
113 2 3 4 0
18 21 1 5 0
68 1 1 5 1
208 5 0 0 0
138 9 0 0 1
3 2 20 1 0
78 3 12 1 0
98 15 1 0 1
23 10 4 1 2
8 31 1 3 0
13 6 3 8 0
48 5 2 2 2
53 8 14 0 0
43 14 10 1 0
3 4 9 6 0
18 19 12 0 0
78 5 1 6 0
13 0 10 6 0
123 18 2 0 0
43 20 3 3 0
38 9 1 2 2
28 19 1 0 2
23 6 0 4 2
53 4 10 3 0
103 12 3 2 0
43 8 0 0 3
18 15 8 3 0
68 23 1 2 0
28 3 11 4 0
33 18 9 1 0
73 10 6 0 1
53 14 7 2 0
103 6 10 0 0
78 9 5 3 0
93 2 0 4 1
63 8 3 0 2
43 24 7 0 0
83 12 0 2 1
13 16 0 2 2
58 17 2 1 1
8 1 2 0 4
18 1 16 0 1
28 9 4 1 2
8 13 5 3 1
23 34 2 1 0
118 3 4 3 0
3 14 6 0 2
53 10 3 5 0
23 0 7 2 2
93 6 4 1 1
8 7 12 1 1
103 2 6 3 0
78 13 9 0 0
18 25 5 2 0
168 7 1 1 0
108 5 1 2 1
68 17 8 0 0
8 35 5 0 0
33 24 2 3 0
3 10 2 3 2
13 10 7 0 2
88 3 9 2 0
133 2 1 4 0
8 9 1 6 1
13 20 4 4 0
3 4 9 1 2
48 3 13 2 0
3 32 2 0 1
13 8 1 1 3
58 23 4 1 0
63 2 1 0 3
23 28 0 1 1
108 17 4 0 0
73 0 9 1 1
93 8 2 4 0
38 17 0 3 1
43 2 7 3 1
63 10 0 6 0
18 9 7 0 2
33 0 4 8 0
78 19 2 2 0
3 0 5 4 2
13 16 0 7 0
28 1 13 1 1
118 7 8 0 0
38 21 4 0 1
43 30 0 2 0
93 12 6 1 0
33 2 19 0 0
28 29 6 0 0
63 8 11 1 0
43 8 0 5 1
23 6 9 2 1
183 0 5 0 0
13 14 11 2 0
28 3 2 6 1
8 17 9 0 1
88 11 0 2 1
148 11 3 0 0
43 6 11 0 1
48 5 2 7 0
108 13 0 3 0
33 4 8 5 0
18 5 3 3 2
38 39 0 0 0
63 18 8 0 0
28 19 9 1 0
43 12 4 2 1
98 3 6 3 0
23 2 5 5 1
93 2 9 2 0
148 1 6 1 0
38 11 7 1 1
53 4 2 2 2
13 10 7 5 0
58 19 0 4 0
33 8 12 2 0
23 0 16 0 1
58 13 7 2 0
73 6 2 3 1
83 4 1 1 2
133 0 3 1 1
3 22 5 1 1
33 10 1 7 0
18 15 0 2 2
73 28 2 0 0
78 1 6 2 1
153 2 3 2 0
28 25 2 3 0
33 2 2 1 3
118 13 1 2 0
13 8 18 0 0
8 23 2 2 1
63 14 4 3 0
103 6 1 2 1
58 9 3 5 0
13 6 12 1 1
153 12 0 1 0
8 5 6 2 2
128 17 2 0 0
38 1 10 2 1
88 23 3 0 0
73 14 1 4 0
83 4 1 6 0
3 18 1 4 1
138 7 2 2 0
13 34 5 0 0
13 8 1 6 1
63 24 1 2 0
163 2 0 3 0
73 18 5 1 0
48 23 7 0 0
48 7 0 0 3
98 7 10 0 0
38 29 3 1 0
53 34 1 0 0
83 8 5 3 0
33 4 8 0 2
13 2 8 4 1
8 1 2 5 2
43 22 1 1 1
98 13 3 2 0
28 17 3 2 1
53 6 8 1 1
13 30 1 3 0
58 7 14 0 0
38 7 3 4 1
18 17 6 1 1
188 1 2 1 0
48 19 3 3 0
133 10 0 0 1
73 8 8 2 0
68 9 0 1 2
53 16 5 0 1
23 20 1 0 2
78 11 3 1 1
3 40 1 1 0
108 7 7 1 0
113 10 2 0 1
8 15 3 1 2
23 14 8 3 0
28 7 6 3 1
63 6 5 2 1
48 9 6 4 0
33 10 1 2 2
143 0 0 2 1
118 5 2 1 1
3 12 8 2 1
58 3 10 3 0
88 1 3 3 1
223 0 1 0 0
13 24 8 1 0
23 2 5 0 3
138 1 9 0 0
53 12 1 3 1
18 27 3 0 1
3 6 15 0 1
108 3 3 4 0
63 0 12 0 1
163 6 4 0 0
83 2 12 1 0
28 11 10 0 1
3 8 4 5 1
43 0 1 4 2
48 13 10 1 0
63 2 1 5 1
88 5 7 0 1
23 10 4 6 0
108 23 1 0 0
3 2 12 5 0
83 10 6 2 0
13 22 3 4 0
3 0 23 0 0
28 15 7 3 0
93 2 4 2 1
43 4 7 5 0
13 10 0 1 3
3 4 1 10 0
38 7 5 3 1
68 17 2 3 0
53 28 2 1 0
118 3 0 5 0
18 11 6 0 2
133 0 8 1 0
43 10 0 7 0
78 13 4 0 1
23 18 5 1 1
28 19 11 0 0
58 13 1 0 2
53 0 9 2 1
3 18 2 1 2
23 8 8 2 1
118 1 11 0 0
43 8 11 2 0
18 7 2 3 2
13 16 10 2 0
28 21 0 5 0
8 19 8 0 1
98 3 10 1 0
73 2 1 2 2
33 10 3 1 2
88 5 2 0 2
43 14 4 4 0
108 1 1 3 1
68 11 9 1 0
98 9 3 3 0
53 6 2 4 1
133 6 1 3 0
38 25 1 3 0
158 3 6 0 0
43 2 1 1 3
23 4 4 5 1
8 1 12 0 2
28 9 14 1 0
48 21 3 0 1
8 3 1 5 2
188 1 0 2 0
23 2 15 0 1
18 1 9 6 0
93 20 0 2 0
83 4 13 0 0
43 18 8 1 0
38 1 12 1 1
13 0 3 2 3
98 13 7 0 0
83 6 2 5 0
13 12 6 5 0
28 11 3 6 0
68 7 5 4 0
38 29 5 0 0
133 10 5 0 0
173 2 3 1 0
63 20 0 1 1
23 0 0 8 1
38 3 1 6 1
118 7 4 2 0
8 25 1 2 1
28 3 4 0 3
23 28 2 0 1
33 0 6 7 0
13 10 17 0 0
38 19 8 1 0
13 8 11 1 1
33 18 2 2 1
28 1 15 0 1
93 14 7 0 0
13 10 0 6 1
8 7 5 2 2
98 19 0 2 0
168 13 0 0 0
128 11 5 0 0
108 9 0 4 0
58 3 4 1 2
68 3 10 0 1
13 36 4 0 0
28 3 4 5 1
53 12 12 0 0
88 13 1 1 1
53 14 1 5 0
143 0 5 2 0
3 8 5 2 2
118 17 1 1 0
48 9 0 2 2
108 3 7 2 0
83 30 0 0 0
13 4 7 4 1
78 1 1 2 2
3 2 12 0 2
53 8 8 3 0
63 2 4 1 2
43 24 1 3 0
83 2 7 1 1
28 7 8 2 1
3 4 1 5 2
28 35 1 1 0
13 32 0 3 0
198 5 1 0 0
128 1 8 1 0
43 0 12 1 1
63 12 1 0 2
53 18 5 2 0
13 0 3 7 1
48 3 7 0 2
123 2 0 0 2
3 26 1 2 1
58 21 0 1 1
43 28 5 0 0
38 9 11 2 0
83 20 3 1 0
168 3 3 1 0
8 17 2 1 2
173 12 0 0 0
38 11 0 7 0
38 15 4 4 0
13 26 7 1 0
98 1 4 2 1
18 1 9 1 2
183 2 0 2 0
33 0 6 2 2
28 25 4 2 0
68 21 6 0 0
18 29 2 0 1
38 3 1 1 3
23 4 4 0 3
108 13 4 1 0
128 7 1 3 0
43 2 1 6 1
93 10 3 3 0
143 10 2 1 0
23 12 3 6 0
33 2 12 1 1
28 1 6 2 2
8 5 16 2 0
48 9 0 7 0
13 24 1 2 1
18 25 7 1 0
83 12 4 0 1
93 4 2 0 2
123 6 4 2 0
33 30 5 0 0
38 5 7 5 0
48 7 11 2 0
8 7 5 7 0
33 4 1 6 1
43 6 5 3 1
148 3 0 1 1
53 2 7 0 2
3 20 8 0 1
73 4 7 1 1
38 3 18 0 0
128 1 0 0 2
48 13 4 4 0
63 12 9 1 0
23 16 7 3 0
113 6 2 1 1
58 27 2 1 0
68 3 1 2 2
18 31 0 3 0
18 21 3 4 0
23 10 6 0 2
193 0 0 2 0
8 1 12 5 0
18 9 0 1 3
8 3 1 10 0
43 10 9 0 1
123 2 0 5 0
48 1 1 1 3
3 16 4 3 1
123 0 11 0 0
73 0 3 4 1
33 8 5 3 1
78 1 1 7 0
73 14 4 0 1
48 1 18 0 0
123 16 1 1 0
3 12 0 6 1
23 20 11 0 0
53 8 0 2 2
13 18 8 0 1
43 16 2 2 1
103 14 4 1 0
33 12 9 0 1
23 22 0 5 0
23 6 2 3 2
88 19 3 1 0
63 22 6 0 0
18 3 7 4 1
3 4 1 0 4
203 4 1 0 0
73 10 0 3 1
78 5 5 4 0
13 2 1 0 4
138 11 2 1 0
58 17 5 2 0
73 32 0 0 0
3 38 4 0 0
13 14 4 3 1
83 8 0 3 1
48 3 7 5 0
103 10 0 4 0
63 18 2 3 0
8 11 9 4 0
38 1 3 8 0
118 9 2 0 1
3 10 11 1 1
23 26 4 2 0
158 1 0 1 1
33 16 4 4 0
103 6 5 0 1
68 3 1 7 0
18 9 17 0 0
23 0 9 1 2
58 13 1 5 0
153 8 2 1 0
83 0 1 2 2
8 9 3 0 3
178 3 0 2 0
38 5 7 0 2
78 9 9 1 0
48 27 5 0 0
73 22 3 1 0
3 0 14 2 1
18 7 2 8 0
3 34 0 3 0
68 1 12 2 0
3 6 7 4 1
8 21 6 3 0
33 20 8 1 0
8 17 2 6 0
3 28 7 1 0
18 5 13 3 0
38 11 0 2 2
138 3 3 0 1
53 10 6 1 1
13 6 5 2 2
8 15 13 1 0
28 21 0 0 2
48 23 1 3 0
63 0 6 3 1
88 3 13 0 0
28 5 10 4 0
3 2 3 7 1
58 11 12 0 0
78 15 2 3 0
48 17 8 1 0
63 10 3 2 1
88 5 2 5 0
23 36 1 1 0
13 2 1 5 2
53 20 3 0 1
163 2 6 0 0
3 24 3 4 0
78 19 6 0 0
28 11 3 1 2
58 7 8 3 0
103 2 1 3 1
18 15 10 2 0
103 24 1 0 0
58 1 15 1 0
8 25 10 0 0
28 1 6 7 0
113 14 1 2 0
38 1 3 3 2
63 4 10 0 1
3 12 0 1 3
33 26 1 3 0
18 11 6 5 0
93 12 1 1 1
58 3 4 6 0
13 0 12 0 2
23 14 1 4 1
88 9 6 2 0
3 6 8 1 2
53 12 4 4 0
33 0 14 3 0
133 0 0 0 2
68 5 8 3 0
108 7 2 1 1
123 8 2 0 1
53 0 1 1 3
13 6 4 5 1
28 31 5 0 0
48 9 9 0 1
8 9 2 3 2
33 2 3 8 0
43 8 3 1 2
18 7 10 4 0
63 4 2 4 1
113 8 8 0 0
48 15 2 2 1
28 3 12 1 1
53 8 0 7 0
18 23 0 0 2
113 4 4 3 0
128 15 1 1 0
83 0 0 5 1
33 4 18 0 0
8 3 9 1 2
68 1 4 6 0
28 5 1 6 1
33 6 7 5 0
3 34 1 0 1
143 4 1 3 0
98 15 4 1 0
8 31 2 0 1
38 23 3 0 1
88 1 6 4 0
63 26 2 1 0
18 3 6 7 0
13 4 15 0 1
58 1 7 0 2
98 25 1 0 0
28 21 8 1 0
93 8 5 0 1
158 15 0 0 0
103 0 3 0 2
83 16 7 0 0
38 13 6 1 1
113 0 0 6 0
43 18 0 0 2
143 8 5 0 0
73 0 4 1 2
33 10 11 2 0
53 22 1 3 0
163 4 3 1 0
73 18 0 1 1
13 2 0 8 1
13 28 4 2 0
88 5 10 1 0
128 5 4 2 0
18 5 4 0 3
13 0 11 3 1
3 2 4 4 2
48 1 1 6 1
53 16 8 1 0
3 24 4 1 1
33 12 0 7 0
18 13 3 6 0
78 7 2 0 2
83 22 0 2 0
63 8 6 1 1
58 19 3 0 1
68 11 1 0 2
28 27 1 3 0
23 14 9 0 1
48 5 5 3 1
8 13 6 0 2
18 11 14 1 0
43 2 10 4 0
33 4 1 1 3
13 24 0 5 0
18 1 0 3 3
103 4 7 2 0
98 3 1 3 1
73 8 3 2 1
8 3 9 6 0
118 5 7 1 0
38 3 9 2 1
43 8 3 6 0
3 20 0 4 1
23 10 5 3 1
33 6 7 0 2
43 6 14 1 0
63 18 3 0 1
38 31 2 1 0
133 0 0 5 0
213 2 1 0 0
103 0 3 5 0
98 7 5 0 1
43 12 7 3 0
93 4 1 3 1
38 9 2 4 1
68 15 5 2 0
13 20 5 1 1
83 14 1 1 1
28 19 2 2 1
8 1 20 1 0
23 6 1 6 1
128 1 0 5 0
133 4 4 2 0
73 2 10 0 1
118 1 3 4 0
23 22 0 0 2
43 0 4 0 3
23 4 12 1 1
8 1 3 2 3
3 42 0 1 0
8 11 17 0 0
83 4 4 2 1
13 16 1 4 1
68 11 1 5 0
18 1 17 2 0
78 1 9 3 0
53 6 11 2 0
28 9 5 3 1
153 0 2 3 0
3 14 7 2 1
68 9 12 0 0
58 9 6 1 1
118 11 0 3 0
33 12 0 2 2
8 13 6 5 0
53 0 18 0 0
93 26 1 0 0
113 0 0 1 2
3 8 14 0 1
58 5 2 4 1
148 1 3 0 1
8 7 13 3 0
23 0 8 4 1
53 2 7 5 0
3 10 3 5 1
28 13 9 0 1
78 5 13 0 0
43 18 0 5 0
13 10 8 2 1
43 16 11 0 0
78 7 2 5 0
18 13 3 1 2
8 9 2 8 0
13 38 1 1 0
58 15 8 1 0
3 4 10 3 1
63 0 15 1 0
53 14 2 2 1
23 10 14 1 0
93 0 6 4 0
108 5 4 3 0
23 0 0 3 3
43 22 4 2 0
13 8 2 3 2
8 11 0 1 3
23 28 1 3 0
68 19 0 1 1
38 17 1 5 0
63 2 4 6 0
98 1 3 0 2
188 9 0 0 0
48 17 0 0 2
18 9 8 2 1
103 8 2 1 1
183 8 1 0 0
28 1 14 3 0
58 11 4 4 0
78 11 6 2 0
108 1 0 6 0
93 4 10 1 0
23 6 10 4 0
28 3 3 8 0
23 32 5 0 0
138 5 1 3 0
3 32 3 2 0
153 4 6 0 0
8 17 10 2 0
38 21 5 2 0
118 15 4 0 0
18 5 4 5 1
88 3 4 2 1
18 19 5 1 1
3 26 10 0 0
43 32 1 1 0
38 11 8 3 0
63 10 12 0 0
58 7 0 7 0
73 16 2 3 0
13 30 2 0 1
128 7 2 0 1
43 0 4 5 1
23 2 6 7 0
23 0 17 2 0
33 24 3 0 1
148 9 2 1 0
8 1 3 7 1
108 15 1 2 0
13 2 9 1 2
8 27 7 1 0
3 0 6 6 1
3 22 6 3 0
18 15 1 4 1
18 37 1 1 0
108 9 8 0 0
38 15 12 0 0
68 9 3 2 1
28 13 0 2 2
58 5 11 2 0
73 20 6 0 0
48 7 3 1 2
63 6 8 3 0
33 2 3 3 2
8 23 3 4 0
43 4 8 2 1
78 21 3 1 0
208 3 1 0 0
98 1 3 5 0
13 6 13 3 0
73 6 5 4 0
8 5 7 4 1
28 13 0 7 0
33 32 2 1 0
38 1 11 4 0
18 23 0 5 0
43 10 1 4 1
3 18 2 6 0
58 1 7 5 0
28 5 1 1 3
23 12 3 1 2
13 8 2 8 0
38 3 0 9 0
143 2 3 0 1
88 11 3 3 0
3 10 3 0 3
48 7 3 6 0
63 16 5 2 0
18 21 11 0 0
28 17 4 4 0
98 5 7 2 0
38 5 15 1 0
123 4 7 1 0
13 2 9 6 0
43 14 5 1 1
73 2 1 7 0
33 4 9 2 1
8 33 0 3 0
53 26 5 0 0
68 1 4 1 2
83 0 9 3 0
53 0 1 6 1
73 0 12 2 0
38 7 4 6 0
88 15 7 0 0
63 12 1 5 0
18 17 7 3 0
48 11 7 3 0
118 3 1 2 1
3 16 13 1 0
23 20 2 2 1
8 3 1 0 4
78 31 0 0 0
28 5 18 0 0
83 6 2 0 2
48 1 10 4 0
88 21 0 2 0
78 3 7 1 1
18 3 15 0 1
123 0 3 4 0
28 7 7 5 0
53 8 9 0 1
3 12 9 4 0
153 2 0 1 1
13 0 20 1 0
18 1 0 8 1
8 15 4 3 1
33 10 2 4 1
73 10 9 1 0
173 4 0 2 0
113 2 6 0 1
163 14 0 0 0
3 6 16 2 0
58 7 0 2 2
38 17 1 0 2
48 5 14 1 0
18 27 4 2 0
8 9 11 1 1
53 4 5 3 1
23 2 6 2 2
138 9 5 0 0
98 11 0 4 0
28 11 11 2 0
8 37 4 0 0
13 12 6 0 2
3 8 5 7 0
33 14 6 1 1
8 11 0 6 1
3 0 6 1 3
78 9 0 3 1
83 10 5 0 1
48 7 1 7 0
38 5 17 0 0
33 4 11 1 1
48 5 12 2 0
23 12 13 1 0
93 2 3 0 2
43 4 6 3 1
33 32 4 0 0
38 7 6 5 0
63 0 5 6 0
68 17 1 1 1
3 22 7 0 1
33 6 0 6 1
103 6 4 3 0
18 11 7 2 1
23 18 6 3 0
53 0 8 0 2
73 14 3 3 0
3 18 3 3 1
113 20 2 0 0
103 0 11 1 0
73 24 0 2 0
13 10 1 3 2
38 11 10 2 0
58 25 3 1 0
153 6 5 0 0
88 13 0 4 0
18 7 3 5 1
23 8 9 4 0
8 19 9 2 0
103 2 0 6 0
128 3 7 1 0
33 10 4 3 1
43 8 10 0 1
73 2 0 0 3
108 1 0 1 2
13 4 8 1 2
18 21 4 1 1
43 14 3 2 1
23 22 10 0 0
8 1 13 2 1
53 6 1 2 2
98 9 2 1 1
63 8 13 0 0
13 32 1 0 1
88 17 4 1 0
23 4 5 7 0
8 29 6 1 0
8 3 2 7 1
33 14 8 0 1
3 6 0 0 4
18 39 0 1 0
18 17 0 4 1
203 2 2 0 0
23 2 16 2 0
38 1 13 3 0
13 0 4 4 2
58 15 6 2 0
3 40 3 0 0
78 3 6 4 0
138 13 1 1 0
68 7 4 2 1
83 6 1 3 1
23 0 1 10 0
63 4 9 3 0
23 28 3 2 0
48 1 8 5 0
38 3 2 8 0
123 10 0 3 0
113 10 5 1 0
73 18 7 0 0
8 25 2 4 0
3 12 10 1 1
28 3 5 2 2
63 14 6 2 0
208 1 2 0 0
28 1 16 2 0
13 8 12 3 0
13 10 1 8 0
33 18 3 4 0
8 39 3 0 0
78 7 10 1 0
58 11 2 5 0
113 6 1 4 0
38 7 6 0 2
28 3 5 7 0
23 14 2 1 2
3 8 6 4 1
48 25 6 0 0
18 23 10 0 0
33 22 7 1 0
108 3 6 0 1
73 0 2 7 0
3 2 13 2 1
3 30 6 1 0
13 4 8 6 0
78 1 0 0 3
123 14 4 0 0
138 5 2 0 1
53 8 7 1 1
58 9 13 0 0
43 24 0 1 1
103 16 1 2 0
3 4 2 7 1
28 7 9 4 0
48 21 2 3 0
8 7 6 4 1
78 13 3 3 0
53 36 0 0 0
63 10 2 5 0
88 3 3 5 0
23 38 0 1 0
18 5 14 0 1
103 10 8 0 0
48 15 9 1 0
53 18 4 0 1
8 5 0 0 4
3 26 2 4 0
28 13 2 1 2
88 1 14 0 0
33 28 0 3 0
13 0 4 9 0
123 2 1 2 1
38 3 2 3 2
13 2 19 1 0
78 17 7 0 0
73 8 10 1 0
58 5 9 3 0
8 17 3 3 1
48 11 5 4 0
113 0 8 2 0
88 7 7 2 0
33 0 7 4 1
53 14 0 3 1
18 1 10 3 1
93 10 2 1 1
8 11 10 1 1
23 4 5 2 2
18 29 3 2 0
43 2 0 4 2
13 14 5 0 2
58 1 5 6 0
73 4 6 4 0
23 16 0 4 1
33 2 13 3 0
53 10 5 4 0
108 21 2 0 0
28 1 7 4 1
68 15 3 3 0
93 12 0 4 0
43 6 4 1 2
148 3 1 3 0
48 7 10 0 1
28 33 4 0 0
33 4 2 8 0
13 24 2 4 0
3 20 9 2 0
78 23 0 2 0
128 1 1 2 1
28 5 11 1 1
133 14 1 1 0
18 13 5 0 2
3 14 16 0 0
53 6 1 7 0
3 16 5 5 0
28 7 0 6 1
68 3 0 0 3
118 3 10 0 0
33 6 17 0 0
98 3 0 6 0
148 7 5 0 0
93 16 4 1 0
18 9 1 3 2
23 10 7 2 1
8 21 7 0 1
98 1 11 1 0
33 8 6 5 0
38 25 2 0 1
73 0 2 2 2
93 6 7 2 0
43 16 1 0 2
78 1 0 5 1
38 15 5 1 1
68 9 10 1 0
13 18 9 2 0
98 7 4 3 0
8 3 11 0 2
3 12 1 8 0
28 23 7 1 0
158 5 5 0 0
23 6 3 5 1
33 12 10 2 0
53 20 2 3 0
8 5 0 5 2
3 4 2 2 3
18 3 8 6 0
98 11 8 0 0
58 17 4 0 1
78 5 4 2 1
13 2 2 2 3
23 4 14 0 1
13 14 5 5 0
43 2 0 9 0
68 5 6 4 0
53 14 9 1 0
18 1 19 1 0
33 6 0 1 3
158 1 1 3 0
48 3 6 3 1
8 27 0 2 1
28 29 0 3 0
13 12 16 0 0
63 18 1 1 1
118 9 3 2 0
3 10 12 3 0
43 0 11 4 0
88 27 1 0 0
23 0 10 3 1
43 4 15 1 0
98 17 1 2 0
58 13 0 3 1
43 6 4 6 0
68 3 0 5 1
63 0 5 1 2
3 4 19 1 0
38 5 8 2 1
18 31 1 0 1
128 13 4 0 0
108 7 1 4 0
33 8 6 0 2
3 0 15 4 0
83 0 0 0 3
13 38 3 0 0
13 10 10 1 1
68 1 11 0 1
3 6 8 6 0
38 33 1 1 0
93 2 3 5 0
103 2 0 1 2
118 19 0 1 0
38 11 1 4 1
83 12 3 3 0
138 3 4 2 0
28 21 1 2 1
108 1 8 2 0
13 6 6 4 1
133 6 2 0 1
93 0 14 0 0
3 2 4 9 0
48 23 0 1 1
8 9 4 2 2
68 25 0 2 0
78 15 1 1 1
118 1 4 1 1
88 5 1 3 1
58 35 0 0 0
63 10 2 0 2
83 2 6 4 0
28 11 4 3 1
108 11 5 1 0
53 0 8 5 0
13 2 2 7 1
3 16 5 0 2
43 10 8 3 0
53 4 12 2 0
58 7 7 1 1
8 19 1 1 2
8 1 22 0 0
48 13 3 2 1
18 3 8 1 2
88 9 5 0 1
68 19 7 0 0
43 16 1 5 0
13 28 6 1 0
168 5 2 1 0
23 6 3 0 3
128 9 0 3 0
38 1 4 5 1
113 14 0 0 1
58 3 3 4 1
3 12 1 3 2
28 15 8 0 1
83 6 10 1 0
13 0 13 2 1
43 14 12 0 0
23 14 2 6 0
188 7 1 0 0
78 5 3 5 0
53 12 3 2 1
8 7 14 0 1
138 1 7 1 0
133 0 1 2 1
43 20 5 2 0
13 6 5 7 0
8 9 3 5 1
123 8 3 2 0
73 2 9 3 0
23 30 0 3 0
63 4 1 2 2
58 13 9 1 0
38 19 0 5 0
28 3 13 3 0
48 15 1 0 2
78 9 7 2 0
183 10 0 0 0
113 4 3 1 1
58 9 5 4 0
18 23 1 2 1
138 7 0 3 0
28 5 2 8 0
68 1 3 4 1
8 3 10 3 1
3 34 2 2 0
8 31 3 2 0
38 23 4 2 0
88 1 5 2 1
23 34 4 0 0
13 4 16 2 0
3 6 9 3 1
3 28 9 0 0
123 18 0 1 0
58 5 1 7 0
73 12 6 2 0
13 0 12 5 0
123 2 10 0 0
43 30 2 1 0
38 13 7 3 0
38 1 4 0 3
78 15 0 4 0
23 8 0 1 3
13 2 1 10 0
48 1 0 4 2
183 0 3 1 0
53 22 0 1 1
33 26 2 0 1
68 23 3 1 0
18 5 5 2 2
148 11 1 1 0
3 2 5 6 1
103 12 5 1 0
8 41 0 1 0
3 24 5 3 0
73 8 2 5 0
13 16 2 1 2
38 17 11 0 0
48 5 4 1 2
118 11 1 0 1
78 19 4 1 0
3 0 16 1 1
23 14 10 2 0
103 8 1 4 0
73 6 13 0 0
8 13 7 2 1
153 0 3 0 1
18 1 1 5 2
58 3 12 2 0
168 1 6 0 0
33 4 2 3 2
43 2 9 2 1
98 3 0 1 2
8 23 4 1 1
18 1 1 0 4
103 4 6 0 1
38 3 10 4 0
23 16 8 0 1
43 8 2 4 1
13 24 10 0 0
3 20 1 6 0
33 34 1 1 0
28 7 0 1 3
163 0 0 1 1
3 12 2 0 3
173 0 6 0 0
23 10 6 5 0
33 6 8 2 1
88 9 4 3 0
143 4 2 0 1
48 5 4 6 0
93 4 0 1 2
13 20 6 3 0
103 0 2 3 1
8 19 0 4 1
18 7 11 1 1
38 9 3 6 0
23 8 17 0 0
38 7 14 1 0
18 9 0 6 1
13 8 3 0 3
28 19 3 4 0
68 15 4 0 1
3 18 12 1 0
53 24 6 0 0
158 7 2 1 0
48 9 8 3 0
88 13 8 0 0
23 6 2 8 0
23 22 1 2 1
78 29 1 0 0
23 4 13 3 0
8 1 4 4 2
28 7 17 0 0
63 8 5 4 0
3 2 5 1 3
33 12 1 4 1
13 16 2 6 0
83 4 3 0 2
88 19 1 2 0
68 11 0 3 1
138 11 4 0 0
18 35 4 0 0
28 9 6 5 0
78 1 8 1 1
3 14 8 4 0
113 12 2 2 0
13 14 13 1 0
53 6 10 0 1
43 12 6 1 1
18 17 8 0 1
3 8 15 2 0
103 22 2 0 0
38 19 0 0 2
148 1 4 2 0
23 0 9 6 0
48 3 15 1 0
63 2 12 2 0
3 10 4 7 0
53 2 6 3 1
13 10 9 4 0
68 5 7 1 1
28 13 10 2 0
48 1 0 9 0
58 5 1 2 2
18 13 4 3 1
68 33 0 0 0
33 16 5 1 1
73 8 2 0 2
63 4 1 7 0
13 40 0 1 0
3 4 11 5 0
83 8 7 2 0
78 7 1 3 1
53 14 1 0 2
43 22 3 0 1
23 0 1 5 2
98 13 5 1 0
38 9 3 1 2
108 5 3 1 1
28 17 5 1 1
3 6 0 10 0
93 0 5 2 1
123 10 1 0 1
8 11 1 3 2
63 2 3 4 1
33 18 11 0 0
113 6 9 0 0
18 9 9 4 0
8 5 8 1 2
128 17 0 1 0
78 11 5 0 1
113 2 5 3 0
3 20 1 1 2
58 11 3 2 1
133 2 7 1 0
33 20 0 5 0
83 14 0 4 0
13 8 3 5 1
8 33 1 0 1
3 2 22 0 0
18 5 5 7 0
63 24 3 1 0
88 3 3 0 2
13 6 14 0 1
13 2 10 3 1
178 11 0 0 0
18 19 6 3 0
163 6 2 1 0
53 4 4 6 0
98 23 2 0 0
13 30 3 2 0
108 15 0 0 1
48 13 12 0 0
73 16 1 1 1
33 24 4 2 0
128 7 3 2 0
53 0 0 9 0
18 7 3 0 3
48 19 5 2 0
43 0 3 3 2
8 1 4 9 0
83 2 14 0 0
93 18 1 2 0
133 8 0 3 0
193 6 1 0 0
83 4 3 5 0
123 0 4 1 1
3 0 7 8 0
18 15 2 6 0
63 34 0 0 0
33 0 15 0 1
28 13 1 4 1
68 9 2 0 2
58 5 10 0 1
133 12 4 0 0
18 13 13 1 0
63 6 7 1 1
8 15 5 0 2
48 15 1 5 0
53 2 15 1 0
33 2 4 5 1
43 4 7 0 2
33 20 0 0 2
98 1 2 3 1
8 5 8 6 0
103 2 8 2 0
43 10 0 2 2
93 12 8 0 0
28 5 2 3 2
23 12 4 3 1
33 4 10 4 0
118 7 6 1 0
3 10 4 2 2
88 11 2 1 1
63 16 4 0 1
143 2 4 2 0
58 1 6 3 1
48 7 2 4 1
83 28 1 0 0
13 22 4 1 1
98 5 6 0 1
73 2 0 5 1
128 1 10 0 0
3 4 11 0 2
73 0 11 0 1
68 13 6 2 0
23 0 1 0 4
83 0 8 1 1
53 0 0 4 2
58 23 6 0 0
3 6 0 5 2
8 3 19 1 0
28 9 6 0 2
48 11 6 1 1
118 3 2 4 0
23 8 0 6 1
213 0 2 0 0
63 12 0 3 1
23 20 3 4 0
68 9 2 5 0
33 10 3 6 0
8 3 2 2 3
143 12 1 1 0
13 18 0 4 1
33 8 14 1 0
3 28 0 2 1
48 1 9 2 1
18 3 16 2 0
23 6 11 1 1
8 13 16 0 0
58 19 2 3 0
83 18 4 1 0
153 2 1 3 0
18 1 1 10 0
38 11 9 0 1
68 7 13 0 0
93 2 11 1 0
28 27 2 0 1
8 15 5 5 0
93 4 0 6 0
23 24 7 1 0
43 2 18 0 0
38 17 2 2 1
93 8 4 3 0
33 2 4 0 3
48 29 2 1 0
8 9 12 3 0
23 2 7 4 1
178 1 3 1 0
53 4 4 1 2
43 0 3 8 0
13 12 7 2 1
68 3 9 3 0
18 15 2 1 2
8 11 1 8 0
3 0 7 3 2
73 6 4 2 1
33 14 7 3 0
